Performing system checks...

System check identified no issues (0 silenced).

You have 15 unapplied migration(s). Your project may not work properly until you apply the migrations for app(s): admin, auth, contenttypes, sessions.
Run 'python manage.py migrate' to apply them.
March 18, 2019 - 12:49:27
Django version 2.1.7, using settings 'ai_optimizer.settings'
Starting development server at http://0.0.0.0:8080/
Quit the server with CONTROL-C.
23843965453120337 None CONVERSIONS None
True
23843180432940316 1083 None None
True
23843052139470246 1710 None None
True
23843355587140564 10000 None None
True
23843085681850632 2853 None None
True
23843388429560564 10000 None None
True
23843212203370457 2800 None None
True
23843165629940756 15000 None None
True
23843236045380457 268 None None
True
23843230044560559 5222 None None
True
23843233258000559 5944 None None
True
23843223791000175 20000 None None
True
23843269222010540 60 None None
True
23843277365380540 60 None None
True
23843301261480540 140 None None
True
23843950299930337 60 None None
True
23843965453120337 None CONVERSIONS None
True
23843965453120337 60 CONVERSIONS None
True
23843052139470246 1710 None None
True
23843180432940316 1083 None None
True
23843085681850632 2853 None None
True
23843355587140564 10000 None None
True
23843388429560564 10000 None None
True
23843212203370457 2800 None None
True
23843165629940756 15000 None None
True
23843236045380457 268 None None
True
23843230044560559 5222 None None
True
23843269222010540 60 None None
True
23843223791000175 20000 None None
True
23843233258000559 5944 None None
True
23843277365380540 60 None None
True
23843950299930337 60 None None
True
23843965453120337 60 None None
True
23843301261480540 140 None None
True
23843180432940316 1083 None None
True
23843052139470246 1710 None None
True
23843085681850632 2853 None None
True
23843355587140564 10000 None None
True
23843388429560564 10000 None None
True
23843212203370457 2800 None None
True
23843236045380457 268 None None
True
23843165629940756 15000 None None
True
23843230044560559 5222 None None
True
23843233258000559 5944 None None
True
23843223791000175 20000 None None
True
23843269222010540 60 None None
True
23843277365380540 60 None None
True
23843301261480540 140 None None
True
23843965453120337 60 None None
True
23843950299930337 60 None None
True
23843180432940316 1083 None None
True
23843052139470246 1710 None None
True
23843085681850632 2853 None None
True
23843355587140564 10000 None None
True
23843388429560564 10000 None None
True
23843212203370457 2800 None None
True
23843165629940756 15000 None None
True
23843236045380457 268 None None
True
23843230044560559 5222 None None
True
23843233258000559 5944 None None
True
23843223791000175 20000 None None
True
23843269222010540 60 None None
True
23843277365380540 60 None None
True
23843301261480540 140 None None
True
23843965453120337 60 None None
True
23843950299930337 60 None None
True
23843180432940316 1083 None None
True
23843052139470246 1710 None None
True
23843085681850632 2853 None None
True
23843355587140564 10000 None None
True
23843388429560564 10000 None None
True
23843212203370457 2800 None None
True
23843165629940756 15000 None None
True
23843236045380457 268 None None
True
23843230044560559 5222 None None
True
23843233258000559 5944 None None
True
23843223791000175 20000 None None
True
23843269222010540 60 None None
True
23843277365380540 60 None None
True
23843301261480540 140 None None
True
23843950299930337 60 None None
True
23843965453120337 60 None None
True
23843180432940316 1083 None None
True
23843052139470246 1710 None None
True
23843085681850632 2853 None None
True
23843355587140564 10000 None None
True
23843388429560564 10000 None None
True
23843212203370457 2800 None None
True
23843165629940756 15000 None None
True
23843236045380457 268 None None
True
23843230044560559 5222 None None
True
23843233258000559 5944 None None
True
23843223791000175 20000 None None
True
23843269222010540 60 None None
True
23843277365380540 60 None None
True
23843301261480540 140 None None
True
23843950299930337 60 None None
True
23843965453120337 60 None None
True
23843180432940316 1083 None None
True
23843052139470246 1710 None None
True
23843085681850632 2853 None None
True
23843355587140564 10000 None None
True
23843388429560564 10000 None None
True
23843212203370457 2800 None None
True
23843165629940756 15000 None None
True
23843236045380457 268 None None
True
23843230044560559 5222 None None
True
23843233258000559 5944 None None
True
23843223791000175 20000 None None
True
23843269222010540 60 None None
True
23843277365380540 60 None None
True
23843301261480540 140 None None
True
23843950299930337 60 None None
True
23843965453120337 60 None None
True
23843052139470246 1710 None None
True
23843180432940316 1083 None None
True
23843085681850632 2853 None None
True
23843355587140564 10000 None None
True
23843388429560564 10000 None None
True
23843212203370457 2800 None None
True
23843165629940756 15000 None None
True
23843236045380457 268 None None
True
23843230044560559 5222 None None
True
23843233258000559 5944 None None
True
23843223791000175 20000 None None
True
23843269222010540 60 None None
True
23843277365380540 60 None None
True
23843301261480540 140 None None
True
23843950299930337 60 None None
True
23843965453120337 60 None None
True
23843180432940316 1083 None None
True
23843052139470246 1710 None None
True
23843085681850632 2853 None None
True
23843355587140564 10000 None None
True
23843388429560564 10000 None None
True
23843212203370457 2800 None None
True
23843165629940756 15000 None None
True
23843236045380457 268 None None
True
23843230044560559 5222 None None
True
23843233258000559 5944 None None
True
23843223791000175 20000 None None
True
23843269222010540 60 None None
True
23843277365380540 60 None None
True
23843301261480540 140 None None
True
23843950299930337 60 None None
True
23843965453120337 60 None None
True
23843180432940316 1083 None None
True
23843052139470246 1710 None None
True
23843085681850632 2853 None None
True
23843355587140564 10000 None None
True
23843388429560564 10000 None None
True
23843212203370457 2800 None None
True
23843165629940756 15000 None None
True
23843236045380457 268 None None
True
23843230044560559 5222 None None
True
23843233258000559 5944 None None
True
23843223791000175 20000 None None
True
23843269222010540 60 None None
True
23843277365380540 60 None None
True
23843950299930337 60 None None
True
23843301261480540 140 None None
True
23843965453120337 60 None None
True
23843180432940316 1083 None None
True
23843052139470246 1710 None None
True
23843085681850632 2853 None None
True
23843355587140564 10000 None None
True
23843388429560564 10000 None None
True
23843212203370457 2800 None None
True
23843165629940756 15000 None None
True
23843236045380457 268 None None
True
23843230044560559 5222 None None
True
23843233258000559 5944 None None
True
23843223791000175 20000 None None
True
23843269222010540 60 None None
True
23843277365380540 60 None None
True
23843301261480540 140 None None
True
23843950299930337 60 None None
True
23843965453120337 60 None None
True
23843180432940316 1083 None None
True
23843052139470246 1710 None None
True
23843085681850632 2853 None None
True
23843355587140564 10000 None None
True
23843388429560564 10000 None None
True
23843212203370457 2800 None None
True
23843165629940756 15000 None None
True
23843236045380457 268 None None
True
23843230044560559 5222 None None
True
23843233258000559 5944 None None
True
23843223791000175 20000 None None
True
23843269222010540 60 None None
True
23843277365380540 60 None None
True
23843301261480540 140 None None
True
23843950299930337 60 None None
True
23843965453120337 60 None None
True
23843180432940316 1083 None None
True
23843052139470246 1710 None None
True
23843085681850632 2853 None None
True
23843355587140564 10000 None None
True
23843388429560564 10000 None None
True
23843165629940756 15000 None None
True
23843212203370457 2800 None None
True
23843236045380457 268 None None
True
23843230044560559 5222 None None
True
23843233258000559 5944 None None
True
23843223791000175 20000 None None
True
23843277365380540 60 None None
True
23843269222010540 60 None None
True
23843301261480540 140 None None
True
23843950299930337 60 None None
True
23843965453120337 60 None None
True
23843180432940316 1083 None None
True
23843052139470246 1710 None None
True
23843085681850632 2853 None None
True
23843355587140564 10000 None None
True
23843388429560564 10000 None None
True
23843212203370457 2800 None None
True
23843165629940756 15000 None None
True
23843236045380457 268 None None
True
23843230044560559 5222 None None
True
23843233258000559 5944 None None
True
23843223791000175 20000 None None
True
23843269222010540 60 None None
True
23843277365380540 60 None None
True
23843301261480540 140 None None
True
23843950299930337 60 None None
True
23843965453120337 60 None None
True
23843180432940316 1083 None None
True
23843052139470246 1710 None None
True
23843085681850632 2853 None None
True
23843355587140564 10000 None None
True
23843388429560564 10000 None None
True
23843212203370457 2800 None None
True
23843165629940756 15000 None None
True
23843236045380457 268 None None
True
23843230044560559 5222 None None
True
23843233258000559 5944 None None
True
23843223791000175 20000 None None
True
23843269222010540 60 None None
True
23843277365380540 60 None None
True
23843301261480540 140 None None
True
23843950299930337 60 None None
True
23843965453120337 60 None None
True
23843180432940316 1083 None None
True
23843052139470246 1710 None None
True
23843085681850632 2853 None None
True
23843355587140564 10000 None None
True
23843388429560564 10000 None None
True
23843212203370457 2800 None None
True
23843165629940756 15000 None None
True
23843236045380457 268 None None
True
23843230044560559 5222 None None
True
23843233258000559 5944 None None
True
23843223791000175 20000 None None
True
23843269222010540 60 None None
True
23843277365380540 60 None None
True
23843301261480540 140 None None
True
23843950299930337 60 None None
True
23843965453120337 60 None None
True
23843052139470246 1710 None None
True
23843180432940316 1083 None None
True
23843085681850632 2853 None None
True
23843355587140564 10000 None None
True
23843388429560564 10000 None None
True
23843212203370457 2800 None None
True
23843165629940756 15000 None None
True
23843236045380457 268 None None
True
23843233258000559 5944 None None
True
23843230044560559 5222 None None
True
23843223791000175 20000 None None
True
23843269222010540 60 None None
True
23843277365380540 60 None None
True
23843301261480540 140 None None
True
23843950299930337 60 None None
True
23843965453120337 60 None None
True
23843180432940316 1083 None None
True
23843052139470246 1710 None None
True
23843085681850632 2853 None None
True
23843355587140564 10000 None None
True
23843388429560564 10000 None None
True
23843212203370457 2800 None None
True
23843165629940756 15000 None None
True
23843236045380457 268 None None
True
23843230044560559 5222 None None
True
23843233258000559 5944 None None
True
23843223791000175 20000 None None
True
23843269222010540 60 None None
True
23843277365380540 60 None None
True
23843301261480540 140 None None
True
23843965453120337 60 None None
True
23843950299930337 60 None None
True
23843180432940316 1083 None None
True
23843052139470246 1710 None None
True
23843085681850632 2853 None None
True
23843355587140564 10000 None None
True
23843388429560564 10000 None None
True
23843212203370457 2800 None None
True
23843165629940756 15000 None None
True
23843236045380457 268 None None
True
23843230044560559 5222 None None
True
23843233258000559 5944 None None
True
23843269222010540 60 None None
True
23843223791000175 20000 None None
True
23843277365380540 60 None None
True
23843950299930337 60 None None
True
23843301261480540 140 None None
True
23843965453120337 60 None None
True
23843180432940316 1083 None None
True
23843052139470246 1710 None None
True
23843085681850632 2853 None None
True
23843355587140564 10000 None None
True
23843388429560564 10000 None None
True
23843212203370457 2800 None None
True
23843165629940756 15000 None None
True
23843236045380457 268 None None
True
23843230044560559 5222 None None
True
23843233258000559 5944 None None
True
23843269222010540 60 None None
True
23843223791000175 20000 None None
True
23843277365380540 60 None None
True
23843301261480540 140 None None
True
23843950299930337 60 None None
True
23843965453120337 60 None None
True
23843180432940316 1083 None None
True
23843052139470246 1710 None None
True
23843355587140564 10000 None None
True
23843085681850632 2853 None None
True
23843388429560564 10000 None None
True
23843165629940756 15000 None None
True
23843212203370457 2800 None None
True
23843236045380457 268 None None
True
23843230044560559 5222 None None
True
23843233258000559 5944 None None
True
23843223791000175 20000 None None
True
23843269222010540 60 None None
True
23843277365380540 60 None None
True
23843301261480540 140 None None
True
23843950299930337 60 None None
True
23843965453120337 60 None None
True
23843180432940316 1083 None None
True
23843052139470246 1710 None None
True
23843085681850632 2853 None None
True
23843355587140564 10000 None None
True
23843388429560564 10000 None None
True
23843212203370457 2800 None None
True
23843165629940756 15000 None None
True
23843236045380457 268 None None
True
23843230044560559 5222 None None
True
23843233258000559 5944 None None
True
23843223791000175 20000 None None
True
23843269222010540 60 None None
True
23843277365380540 60 None None
True
23843301261480540 140 None None
True
23843950299930337 60 None None
True
23843965453120337 60 None None
True
23843180432940316 1083 None None
True
23843052139470246 1710 None None
True
23843085681850632 2853 None None
True
23843355587140564 10000 None None
True
23843388429560564 10000 None None
True
23843212203370457 2800 None None
True
23843165629940756 15000 None None
True
23843236045380457 268 None None
True
23843230044560559 5222 None None
True
23843233258000559 5944 None None
True
23843223791000175 20000 None None
True
23843269222010540 60 None None
True
23843277365380540 60 None None
True
23843301261480540 140 None None
True
23843950299930337 60 None None
True
23843965453120337 60 None None
True
23843180432940316 1083 None None
True
23843052139470246 1710 None None
True
23843085681850632 2853 None None
True
23843355587140564 10000 None None
True
23843388429560564 10000 None None
True
23843212203370457 2800 None None
True
23843165629940756 15000 None None
True
23843236045380457 268 None None
True
23843230044560559 5222 None None
True
23843233258000559 5944 None None
True
23843223791000175 20000 None None
True
23843277365380540 60 None None
True
23843269222010540 60 None None
True
23843301261480540 140 None None
True
23843950299930337 60 None None
True
23843965453120337 60 None None
True
23843180432940316 1083 None None
True
23843052139470246 1710 None None
True
23843085681850632 2853 None None
True
23843355587140564 10000 None None
True
23843388429560564 10000 None None
True
23843212203370457 2800 None None
True
23843165629940756 15000 None None
True
23843230044560559 5222 None None
True
23843236045380457 268 None None
True
23843233258000559 5944 None None
True
23843269222010540 60 None None
True
23843277365380540 60 None None
True
23843223791000175 20000 None None
True
23843301261480540 140 None None
True
23843950299930337 60 None None
True
23843965453120337 60 None None
True
23843180432940316 1083 None None
True
23843052139470246 1710 None None
True
23843085681850632 2853 None None
True
23843355587140564 10000 None None
True
23843388429560564 10000 None None
True
23843212203370457 2800 None None
True
23843165629940756 15000 None None
True
23843236045380457 268 None None
True
23843230044560559 5222 None None
True
23843233258000559 5944 None None
True
23843223791000175 20000 None None
True
23843269222010540 60 None None
True
23843277365380540 60 None None
True
23843301261480540 140 None None
True
23843950299930337 60 None None
True
23843965453120337 60 None None
True
23843180432940316 1083 None None
True
23843052139470246 1710 None None
True
23843085681850632 2853 None None
True
23843355587140564 10000 None None
True
23843388429560564 10000 None None
True
23843212203370457