Performing system checks...

System check identified no issues (0 silenced).

You have 15 unapplied migration(s). Your project may not work properly until you apply the migrations for app(s): admin, auth, contenttypes, sessions.
Run 'python manage.py migrate' to apply them.
April 10, 2019 - 16:06:03
Django version 2.1.7, using settings 'ai_optimizer.settings'
Starting development server at http://0.0.0.0:8080/
Quit the server with CONTROL-C.
LINK_CLICKS 2019-04-10 16:06:11.143231
Performing system checks...

System check identified no issues (0 silenced).

You have 15 unapplied migration(s). Your project may not work properly until you apply the migrations for app(s): admin, auth, contenttypes, sessions.
Run 'python manage.py migrate' to apply them.
April 10, 2019 - 16:09:26
Django version 2.1.7, using settings 'ai_optimizer.settings'
Starting development server at http://0.0.0.0:8080/
Quit the server with CONTROL-C.
None 2019-04-10 16:10:02.135863
None 2019-04-10 16:10:02.236940
None 2019-04-10 16:10:02.508889
None 2019-04-10 16:10:02.519774
None 2019-04-10 16:10:02.740248
None 2019-04-10 16:10:02.744880
None 2019-04-10 16:10:02.785824
None 2019-04-10 16:10:03.085793
None 2019-04-10 16:10:03.094137
None 2019-04-10 16:10:03.094972
None 2019-04-10 16:10:03.381153
None 2019-04-10 16:10:03.395494
None 2019-04-10 16:10:03.398252
None 2019-04-10 16:10:03.648461
None 2019-04-10 16:10:03.660260
None 2019-04-10 16:10:03.661131
None 2019-04-10 16:10:03.896098
None 2019-04-10 16:10:03.907243
None 2019-04-10 16:10:03.908123
None 2019-04-10 16:10:04.137469
None 2019-04-10 16:10:04.155008
None 2019-04-10 16:10:04.157943
None 2019-04-10 16:10:04.268668
LINK_CLICKS 2019-04-10 16:10:22.469714
Performing system checks...

Performing system checks...

System check identified no issues (0 silenced).

You have 15 unapplied migration(s). Your project may not work properly until you apply the migrations for app(s): admin, auth, contenttypes, sessions.
Run 'python manage.py migrate' to apply them.
April 10, 2019 - 16:11:14
Django version 2.1.7, using settings 'ai_optimizer.settings'
Starting development server at http://0.0.0.0:8080/
Quit the server with CONTROL-C.
LINK_CLICKS 2019-04-10 16:11:54.386381
LINK_CLICKS 2019-04-10 16:12:23.327381
Performing system checks...

Performing system checks...

System check identified no issues (0 silenced).

You have 15 unapplied migration(s). Your project may not work properly until you apply the migrations for app(s): admin, auth, contenttypes, sessions.
Run 'python manage.py migrate' to apply them.
April 10, 2019 - 16:13:29
Django version 2.1.7, using settings 'ai_optimizer.settings'
Starting development server at http://0.0.0.0:8080/
Quit the server with CONTROL-C.
LINK_CLICKS 2019-04-10 16:13:38.520451
LINK_CLICKS 2019-04-10 16:14:15.378330
Performing system checks...

System check identified no issues (0 silenced).

You have 15 unapplied migration(s). Your project may not work properly until you apply the migrations for app(s): admin, auth, contenttypes, sessions.
Run 'python manage.py migrate' to apply them.
April 10, 2019 - 16:15:24
Django version 2.1.7, using settings 'ai_optimizer.settings'
Starting development server at http://0.0.0.0:8080/
Quit the server with CONTROL-C.
LINK_CLICKS 2019-04-10 16:16:08.734077
None 2019-04-10 16:20:04.160648
None 2019-04-10 16:20:04.174679
None 2019-04-10 16:20:04.242063
None 2019-04-10 16:20:04.251633
None 2019-04-10 16:20:04.596117
None 2019-04-10 16:20:04.606299
None 2019-04-10 16:20:04.608696
None 2019-04-10 16:20:04.612123
None 2019-04-10 16:20:04.949736
None 2019-04-10 16:20:04.961836
None 2019-04-10 16:20:04.968443
None 2019-04-10 16:20:04.969375
None 2019-04-10 16:20:05.294084
None 2019-04-10 16:20:05.318302
None 2019-04-10 16:20:05.319869
None 2019-04-10 16:20:05.328430
None 2019-04-10 16:20:05.519123
None 2019-04-10 16:20:05.627873
None 2019-04-10 16:20:05.640632
None 2019-04-10 16:20:05.644628
None 2019-04-10 16:20:05.736074
None 2019-04-10 16:20:05.846669
None 2019-04-10 16:20:05.850237
None 2019-04-10 16:30:02.723487
None 2019-04-10 16:30:02.958565
None 2019-04-10 16:30:03.124416
None 2019-04-10 16:30:03.261238
None 2019-04-10 16:30:03.382190
None 2019-04-10 16:30:03.507450
None 2019-04-10 16:30:03.632772
None 2019-04-10 16:30:03.751417
None 2019-04-10 16:30:03.871932
None 2019-04-10 16:30:04.037327
None 2019-04-10 16:30:04.103521
None 2019-04-10 16:30:04.254721
None 2019-04-10 16:30:04.272452
None 2019-04-10 16:30:04.298687
None 2019-04-10 16:30:04.479205
None 2019-04-10 16:30:04.497273
None 2019-04-10 16:30:04.508548
None 2019-04-10 16:30:04.709390
None 2019-04-10 16:30:04.728908
None 2019-04-10 16:30:04.733603
None 2019-04-10 16:30:04.954070
None 2019-04-10 16:30:04.977372
None 2019-04-10 16:30:04.978561
None 2019-04-10 16:40:01.918022
None 2019-04-10 16:40:02.190433
None 2019-04-10 16:40:02.222772
None 2019-04-10 16:40:02.238577
None 2019-04-10 16:40:02.427256
None 2019-04-10 16:40:02.487013
None 2019-04-10 16:40:02.493202
None 2019-04-10 16:40:02.557374
None 2019-04-10 16:40:02.766864
None 2019-04-10 16:40:02.768665
None 2019-04-10 16:40:02.780283
None 2019-04-10 16:40:03.065594
None 2019-04-10 16:40:03.066878
None 2019-04-10 16:40:03.074198
None 2019-04-10 16:40:03.327986
None 2019-04-10 16:40:03.336816
None 2019-04-10 16:40:03.341747
None 2019-04-10 16:40:03.580191
None 2019-04-10 16:40:03.590236
None 2019-04-10 16:40:03.592370
None 2019-04-10 16:40:03.831570
None 2019-04-10 16:40:03.842219
None 2019-04-10 16:40:03.845423
Performing system checks...

System check identified no issues (0 silenced).

You have 15 unapplied migration(s). Your project may not work properly until you apply the migrations for app(s): admin, auth, contenttypes, sessions.
Run 'python manage.py migrate' to apply them.
April 10, 2019 - 16:48:05
Django version 2.1.7, using settings 'ai_optimizer.settings'
Starting development server at http://0.0.0.0:8080/
Quit the server with CONTROL-C.
None 2019-04-10 16:50:04.218162
None 2019-04-10 16:50:04.219010
None 2019-04-10 16:50:04.441422
None 2019-04-10 16:50:04.538220
None 2019-04-10 16:50:04.551405
None 2019-04-10 16:50:04.613842
None 2019-04-10 16:50:04.808932
None 2019-04-10 16:50:04.820140
None 2019-04-10 16:50:04.831353
None 2019-04-10 16:50:05.135652
None 2019-04-10 16:50:05.152401
None 2019-04-10 16:50:05.154255
None 2019-04-10 16:50:05.158521
None 2019-04-10 16:50:05.373864
None 2019-04-10 16:50:05.525499
None 2019-04-10 16:50:05.526553
None 2019-04-10 16:50:05.527310
None 2019-04-10 16:50:05.564854
None 2019-04-10 16:50:05.848896
None 2019-04-10 16:50:05.855925
None 2019-04-10 16:50:05.860641
None 2019-04-10 16:50:05.866887
None 2019-04-10 16:50:06.023824
None 2019-04-10 17:00:02.688820
None 2019-04-10 17:00:02.774702
None 2019-04-10 17:00:03.126663
None 2019-04-10 17:00:03.158517
None 2019-04-10 17:00:03.190932
None 2019-04-10 17:00:03.400402
None 2019-04-10 17:00:03.454151
None 2019-04-10 17:00:03.481499
None 2019-04-10 17:00:03.845820
None 2019-04-10 17:00:03.915524
None 2019-04-10 17:00:03.921759
None 2019-04-10 17:00:03.922555
None 2019-04-10 17:00:04.059907
None 2019-04-10 17:00:04.232545
None 2019-04-10 17:00:04.346554
None 2019-04-10 17:00:04.367711
None 2019-04-10 17:00:04.420516
None 2019-04-10 17:00:04.538483
None 2019-04-10 17:00:04.643539
None 2019-04-10 17:00:04.659464
None 2019-04-10 17:00:04.713464
None 2019-04-10 17:00:04.786387
None 2019-04-10 17:00:04.813977
None 2019-04-10 17:10:02.196612
None 2019-04-10 17:10:02.475545
None 2019-04-10 17:10:02.606700
None 2019-04-10 17:10:02.736651
None 2019-04-10 17:10:02.858641
None 2019-04-10 17:10:02.991875
None 2019-04-10 17:10:03.111553
None 2019-04-10 17:10:03.233519
None 2019-04-10 17:10:03.347122
None 2019-04-10 17:10:03.459167
None 2019-04-10 17:10:03.587321
None 2019-04-10 17:10:03.704533
None 2019-04-10 17:10:03.848800
None 2019-04-10 17:10:03.969099
None 2019-04-10 17:10:04.166102
None 2019-04-10 17:10:04.184711
None 2019-04-10 17:10:04.194818
None 2019-04-10 17:10:04.460814
None 2019-04-10 17:10:04.481378
None 2019-04-10 17:10:04.485712
None 2019-04-10 17:10:04.489608
None 2019-04-10 17:10:04.628637
None 2019-04-10 17:10:04.666017
None 2019-04-10 17:20:02.666165
None 2019-04-10 17:20:02.804097
None 2019-04-10 17:20:02.900494
None 2019-04-10 17:20:02.950931
None 2019-04-10 17:20:03.066807
None 2019-04-10 17:20:03.115205
None 2019-04-10 17:20:03.221424
None 2019-04-10 17:20:03.257390
None 2019-04-10 17:20:03.381339
None 2019-04-10 17:20:03.413506
None 2019-04-10 17:20:03.552665
None 2019-04-10 17:20:03.570913
None 2019-04-10 17:20:03.761642
None 2019-04-10 17:20:03.766146
None 2019-04-10 17:20:03.983781
None 2019-04-10 17:20:03.991782
None 2019-04-10 17:20:04.181243
None 2019-04-10 17:20:04.184884
None 2019-04-10 17:20:04.377058
None 2019-04-10 17:20:04.497702
None 2019-04-10 17:20:04.505546
None 2019-04-10 17:20:04.513859
None 2019-04-10 17:20:04.575456
None 2019-04-10 17:30:03.758727
None 2019-04-10 17:30:03.973778
None 2019-04-10 17:30:04.129128
None 2019-04-10 17:30:04.162559
None 2019-04-10 17:30:04.365983
None 2019-04-10 17:30:04.468026
None 2019-04-10 17:30:04.470094
None 2019-04-10 17:30:04.477724
None 2019-04-10 17:30:04.519360
None 2019-04-10 17:30:04.884403
None 2019-04-10 17:30:04.904108
None 2019-04-10 17:30:04.905468
None 2019-04-10 17:30:04.907509
None 2019-04-10 17:30:05.148538
None 2019-04-10 17:30:05.242320
None 2019-04-10 17:30:05.249671
None 2019-04-10 17:30:05.250443
None 2019-04-10 17:30:05.320575
None 2019-04-10 17:30:05.588126
None 2019-04-10 17:30:05.599452
None 2019-04-10 17:30:05.601355
None 2019-04-10 17:30:05.610047
None 2019-04-10 17:30:05.738403
None 2019-04-10 17:40:02.189898
None 2019-04-10 17:40:02.430602
None 2019-04-10 17:40:02.547527
None 2019-04-10 17:40:02.665075
None 2019-04-10 17:40:02.830437
None 2019-04-10 17:40:02.845511
None 2019-04-10 17:40:03.070889
None 2019-04-10 17:40:03.080654
None 2019-04-10 17:40:03.090742
None 2019-04-10 17:40:03.356391
None 2019-04-10 17:40:03.367048
None 2019-04-10 17:40:03.369834
None 2019-04-10 17:40:03.489927
None 2019-04-10 17:40:03.680594
None 2019-04-10 17:40:03.681561
None 2019-04-10 17:40:03.685705
None 2019-04-10 17:40:03.727698
None 2019-04-10 17:40:03.911234
None 2019-04-10 17:40:04.066212
None 2019-04-10 17:40:04.069843
None 2019-04-10 17:40:04.085541
None 2019-04-10 17:40:04.108630
None 2019-04-10 17:40:04.241130
None 2019-04-10 17:50:02.024392
None 2019-04-10 17:50:02.247532
None 2019-04-10 17:50:02.389588
None 2019-04-10 17:50:02.508509
None 2019-04-10 17:50:02.738455
None 2019-04-10 17:50:02.770635
None 2019-04-10 17:50:02.774453
None 2019-04-10 17:50:02.834122
None 2019-04-10 17:50:02.992975
None 2019-04-10 17:50:03.138517
None 2019-04-10 17:50:03.142211
None 2019-04-10 17:50:03.143069
None 2019-04-10 17:50:03.165287
None 2019-04-10 17:50:03.422866
None 2019-04-10 17:50:03.554355
None 2019-04-10 17:50:03.570518
None 2019-04-10 17:50:03.588530
None 2019-04-10 17:50:03.698289
None 2019-04-10 17:50:03.917327
None 2019-04-10 17:50:03.931567
None 2019-04-10 17:50:03.947784
None 2019-04-10 17:50:03.996069
None 2019-04-10 17:50:04.094648
None 2019-04-10 18:00:03.579590
None 2019-04-10 18:00:03.897524
None 2019-04-10 18:00:03.907916
None 2019-04-10 18:00:04.108811
None 2019-04-10 18:00:04.174993
None 2019-04-10 18:00:04.177187
None 2019-04-10 18:00:04.273490
None 2019-04-10 18:00:04.473379
None 2019-04-10 18:00:04.532248
None 2019-04-10 18:00:04.555046
None 2019-04-10 18:00:04.582105
None 2019-04-10 18:00:04.754069
None 2019-04-10 18:00:04.852039
None 2019-04-10 18:00:04.869909
None 2019-04-10 18:00:04.886022
None 2019-04-10 18:00:05.016484
None 2019-04-10 18:00:05.158626
None 2019-04-10 18:00:05.172338
None 2019-04-10 18:00:05.176489
None 2019-04-10 18:00:05.245642
None 2019-04-10 18:00:05.400251
None 2019-04-10 18:00:05.444553
None 2019-04-10 18:00:05.447245
None 2019-04-10 18:10:02.256022
None 2019-04-10 18:10:02.604494
None 2019-04-10 18:10:02.762028
None 2019-04-10 18:10:02.788198
None 2019-04-10 18:10:02.964797
None 2019-04-10 18:10:03.021562
None 2019-04-10 18:10:03.029411
None 2019-04-10 18:10:03.104839
None 2019-04-10 18:10:03.269548
None 2019-04-10 18:10:03.293083
None 2019-04-10 18:10:03.324798
None 2019-04-10 18:10:03.507557
None 2019-04-10 18:10:03.581461
None 2019-04-10 18:10:03.599740
None 2019-04-10 18:10:03.697560
None 2019-04-10 18:10:03.797524
None 2019-04-10 18:10:03.863035
None 2019-04-10 18:10:03.864940
None 2019-04-10 18:10:03.927492
None 2019-04-10 18:10:04.141484
None 2019-04-10 18:10:04.172476
None 2019-04-10 18:10:04.173137
None 2019-04-10 18:10:04.192470
None 2019-04-10 18:20:04.031374
None 2019-04-10 18:20:04.128340
None 2019-04-10 18:20:04.355496
None 2019-04-10 18:20:04.375644
None 2019-04-10 18:20:04.450070
None 2019-04-10 18:20:04.520270
None 2019-04-10 18:20:04.667305
None 2019-04-10 18:20:04.685707
None 2019-04-10 18:20:04.714064
None 2019-04-10 18:20:04.731111
None 2019-04-10 18:20:04.947270
None 2019-04-10 18:20:05.056289
None 2019-04-10 18:20:05.057256
None 2019-04-10 18:20:05.058379
None 2019-04-10 18:20:05.106478
None 2019-04-10 18:20:05.413747
None 2019-04-10 18:20:05.432037
None 2019-04-10 18:20:05.433791
None 2019-04-10 18:20:05.437596
None 2019-04-10 18:20:05.650711
None 2019-04-10 18:20:05.742238
None 2019-04-10 18:20:05.749716
None 2019-04-10 18:20:05.750486
None 2019-04-10 18:30:04.249084
None 2019-04-10 18:30:04.328505
None 2019-04-10 18:30:04.350186
None 2019-04-10 18:30:04.636033
None 2019-04-10 18:30:04.671852
None 2019-04-10 18:30:04.672652
None 2019-04-10 18:30:04.677474
None 2019-04-10 18:30:04.799464
None 2019-04-10 18:30:05.019949
None 2019-04-10 18:30:05.023441
None 2019-04-10 18:30:05.024278
None 2019-04-10 18:30:05.045836
None 2019-04-10 18:30:05.373696
None 2019-04-10 18:30:05.395710
None 2019-04-10 18:30:05.415755
None 2019-04-10 18:30:05.441275
None 2019-04-10 18:30:05.668390
None 2019-04-10 18:30:05.704111
None 2019-04-10 18:30:05.709008
None 2019-04-10 18:30:05.728774
None 2019-04-10 18:30:05.892481
None 2019-04-10 18:30:05.952452
None 2019-04-10 18:30:05.954098
None 2019-04-10 18:40:01.572263
None 2019-04-10 18:40:01.793797
None 2019-04-10 18:40:02.051541
None 2019-04-10 18:40:02.081123
None 2019-04-10 18:40:02.282503
None 2019-04-10 18:40:02.293709
None 2019-04-10 18:40:02.476398
None 2019-04-10 18:40:02.485859
None 2019-04-10 18:40:02.696508
None 2019-04-10 18:40:02.729980
None 2019-04-10 18:40:02.733729
None 2019-04-10 18:40:02.913313
None 2019-04-10 18:40:02.966152
None 2019-04-10 18:40:02.967089
None 2019-04-10 18:40:03.056531
None 2019-04-10 18:40:03.215727
None 2019-04-10 18:40:03.221600
None 2019-04-10 18:40:03.243056
None 2019-04-10 18:40:03.531504
None 2019-04-10 18:40:03.532333
None 2019-04-10 18:40:03.539653
None 2019-04-10 18:40:03.738497
None 2019-04-10 18:40:03.742930
cpc 2019-04-10 18:40:53.663457
cpa 2019-04-10 18:44:09.763461
cpa 2019-04-10 18:47:25.106789
cpc 2019-04-10 18:47:50.794261
None 2019-04-10 18:50:02.089180
None 2019-04-10 18:50:02.219204
None 2019-04-10 18:50:02.329709
None 2019-04-10 18:50:02.438487
None 2019-04-10 18:50:02.653140
None 2019-04-10 18:50:02.811121
None 2019-04-10 18:50:02.812087
None 2019-04-10 18:50:02.911935
None 2019-04-10 18:50:02.915591
None 2019-04-10 18:50:03.091687
None 2019-04-10 18:50:03.097659
None 2019-04-10 18:50:03.192668
None 2019-04-10 18:50:03.193887
None 2019-04-10 18:50:03.364115
None 2019-04-10 18:50:03.382775
None 2019-04-10 18:50:03.509539
None 2019-04-10 18:50:03.510462
None 2019-04-10 18:50:03.632108
None 2019-04-10 18:50:03.647748
None 2019-04-10 18:50:03.819257
None 2019-04-10 18:50:03.822568
None 2019-04-10 18:50:03.892054
None 2019-04-10 18:50:03.895508
Performing system checks...

System check identified no issues (0 silenced).

You have 15 unapplied migration(s). Your project may not work properly until you apply the migrations for app(s): admin, auth, contenttypes, sessions.
Run 'python manage.py migrate' to apply them.
April 10, 2019 - 18:50:07
Django version 2.1.7, using settings 'ai_optimizer.settings'
Starting development server at http://0.0.0.0:8080/
Quit the server with CONTROL-C.
Performing system checks...

System check identified no issues (0 silenced).

You have 15 unapplied migration(s). Your project may not work properly until you apply the migrations for app(s): admin, auth, contenttypes, sessions.
Run 'python manage.py migrate' to apply them.
April 10, 2019 - 18:53:11
Django version 2.1.7, using settings 'ai_optimizer.settings'
Starting development server at http://0.0.0.0:8080/
Quit the server with CONTROL-C.
Performing system checks...

System check identified no issues (0 silenced).

You have 15 unapplied migration(s). Your project may not work properly until you apply the migrations for app(s): admin, auth, contenttypes, sessions.
Run 'python manage.py migrate' to apply them.
April 10, 2019 - 18:55:44
Django version 2.1.7, using settings 'ai_optimizer.settings'
Starting development server at http://0.0.0.0:8080/
Quit the server with CONTROL-C.
Performing system checks...

Performing system checks...

System check identified no issues (0 silenced).

You have 15 unapplied migration(s). Your project may not work properly until you apply the migrations for app(s): admin, auth, contenttypes, sessions.
Run 'python manage.py migrate' to apply them.
April 10, 2019 - 18:56:46
Django version 2.1.7, using settings 'ai_optimizer.settings'
Starting development server at http://0.0.0.0:8080/
Quit the server with CONTROL-C.
