Performing system checks...

System check identified no issues (0 silenced).

You have 15 unapplied migration(s). Your project may not work properly until you apply the migrations for app(s): admin, auth, contenttypes, sessions.
Run 'python manage.py migrate' to apply them.
May 14, 2019 - 21:05:29
Django version 2.1.7, using settings 'ai_optimizer.settings'
Starting development server at http://0.0.0.0:8080/
Quit the server with CONTROL-C.
LINK_CLICKS 2019-05-14 21:05:33.873523
[campaign_dict]  {'cost_per_target': 6.105263157894737, 'target': 38, 'impressions': '12422', 'reach': '9098', 'spend': '232', 'spend_cap': '14422', 'start_time': '2019-05-14 10:46:32', 'stop_time': '2019-05-26 23:59:00', 'campaign_id': '23843372439710187', 'target_type': 'LINK_CLICKS', 'period': 13, 'daily_budget': 1109.3846153846155, 'charge_type': 'LINK_CLICKS', 'destination': 1802, 'target_left': 1764}
ALL_CLICKS 2019-05-14 21:06:24.656327
LINK_CLICKS 2019-05-14 21:06:56.364356
LINK_CLICKS 2019-05-14 21:07:48.927692
[campaign_dict]  {'cost_per_target': 3.9271771771771773, 'target': 1332, 'impressions': '29752', 'reach': '18526', 'spend': '5231', 'start_time': '2019-05-03 18:27:05', 'stop_time': '2019-05-21 21:07:50', 'campaign_id': '23843546765400616', 'target_type': 'LINK_CLICKS', 'spend_cap': 10000, 'period': 19, 'daily_budget': 526.3157894736842, 'charge_type': 'LINK_CLICKS', 'destination': 4150, 'target_left': 2818}
LINK_CLICKS 2019-05-14 21:08:05.157503
None 2019-05-14 21:10:02.812530
23843180432940316
None 2019-05-14 21:10:02.986162
23843052139470246
None 2019-05-14 21:10:03.337716
23843085681850632
None 2019-05-14 21:10:03.341348
23843355587140564
None 2019-05-14 21:10:03.519939
23843388429560564
None 2019-05-14 21:10:03.714871
23843212203370457
None 2019-05-14 21:10:03.726712
23843165629940756
None 2019-05-14 21:10:03.757741
23843236045380457
None 2019-05-14 21:10:04.224110
23843230044560559
None 2019-05-14 21:10:04.228358
23843233258000559
None 2019-05-14 21:10:04.234159
23843223791000175
None 2019-05-14 21:10:04.244347
23843269222010540
None 2019-05-14 21:10:04.757510
23843277365380540
None 2019-05-14 21:10:04.766042
23843301261480540
None 2019-05-14 21:10:04.766811
23843950299930337
None 2019-05-14 21:10:04.774787
23843965453120337
None 2019-05-14 21:10:05.230513
23843286422270175
None 2019-05-14 21:10:05.231168
23843310773940232
None 2019-05-14 21:10:05.233586
23843211040890014
None 2019-05-14 21:10:05.239293
23843352435060457
None 2019-05-14 21:10:05.693873
23843352435060457
None 2019-05-14 21:10:05.706264
23843996683900337
None 2019-05-14 21:10:05.712502
23843299961870090
None 2019-05-14 21:10:05.715640
23843417989430316
None 2019-05-14 21:10:06.135819
23843417989430316
None 2019-05-14 21:10:06.147062
23843415140730316
None 2019-05-14 21:10:06.148775
23843338715870399
None 2019-05-14 21:10:06.153051
23843335814370399
None 2019-05-14 21:10:06.558034
23843306827810240
None 2019-05-14 21:10:06.589726
23843451709300010
None 2019-05-14 21:10:06.590771
23843420208720408
None 2019-05-14 21:10:06.591630
23843582099980495
None 2019-05-14 21:10:06.813863
23843319164090240
None 2019-05-14 21:10:06.875218
23843358370700576
None 2019-05-14 21:10:07.041047
23843321565300240
None 2019-05-14 21:10:07.111139
23843321565280240
None 2019-05-14 21:10:07.159658
23843321565240240
None 2019-05-14 21:10:07.349987
23843382144850534
None 2019-05-14 21:10:07.421917
23843419701490612
None 2019-05-14 21:10:07.434400
23843546765400616
None 2019-05-14 21:10:07.460192
23843307694520535
None 2019-05-14 21:10:07.513460
23843372439710187
None 2019-05-14 21:20:02.929436
23843180432940316
None 2019-05-14 21:20:03.811090
23843052139470246
None 2019-05-14 21:20:04.063264
23843085681850632
None 2019-05-14 21:20:04.258301
23843355587140564
None 2019-05-14 21:20:04.449663
23843388429560564
None 2019-05-14 21:20:04.635635
23843212203370457
None 2019-05-14 21:20:04.822399
23843165629940756
None 2019-05-14 21:20:05.065731
23843230044560559
None 2019-05-14 21:20:05.067936
23843236045380457
None 2019-05-14 21:20:05.458715
23843233258000559
None 2019-05-14 21:20:05.477725
23843269222010540
None 2019-05-14 21:20:05.489857
23843223791000175
None 2019-05-14 21:20:05.490666
23843277365380540
None 2019-05-14 21:20:05.830987
23843301261480540
None 2019-05-14 21:20:05.938188
23843950299930337
None 2019-05-14 21:20:05.939966
23843965453120337
None 2019-05-14 21:20:05.950398
23843286422270175
None 2019-05-14 21:20:05.999003
23843211040890014
None 2019-05-14 21:20:06.373511
23843310773940232
None 2019-05-14 21:20:06.391968
23843352435060457
None 2019-05-14 21:20:06.400171
23843996683900337
None 2019-05-14 21:20:06.401093
23843352435060457
None 2019-05-14 21:20:06.681686
23843417989430316
None 2019-05-14 21:20:06.830945
23843299961870090
None 2019-05-14 21:20:06.837665
23843417989430316
None 2019-05-14 21:20:06.838463
23843415140730316
None 2019-05-14 21:20:06.878371
23843338715870399
None 2019-05-14 21:20:07.278826
23843335814370399
None 2019-05-14 21:20:07.287016
23843582099980495
None 2019-05-14 21:20:07.288991
23843306827810240
None 2019-05-14 21:20:07.289826
23843420208720408
None 2019-05-14 21:20:07.666778
23843451709300010
None 2019-05-14 21:20:07.687331
23843319164090240
None 2019-05-14 21:20:07.698611
23843358370700576
None 2019-05-14 21:20:07.981925
23843321565300240
None 2019-05-14 21:20:08.097014
23843321565280240
None 2019-05-14 21:20:08.111388
23843321565240240
None 2019-05-14 21:20:08.115236
23843382144850534
None 2019-05-14 21:20:08.164435
23843419701490612
None 2019-05-14 21:20:08.477726
23843546765400616
None 2019-05-14 21:20:08.565120
23843372439710187
None 2019-05-14 21:20:08.573569
23843307694520535
None 2019-05-14 21:30:03.041594
23843180432940316
None 2019-05-14 21:30:04.710128
23843052139470246
None 2019-05-14 21:30:04.933204
23843085681850632
None 2019-05-14 21:30:05.226281
23843355587140564
None 2019-05-14 21:30:05.404948
23843388429560564
None 2019-05-14 21:30:05.577370
23843212203370457
None 2019-05-14 21:30:06.066380
23843165629940756
None 2019-05-14 21:30:06.296450
23843236045380457
None 2019-05-14 21:30:06.545029
23843230044560559
None 2019-05-14 21:30:06.747693
23843233258000559
None 2019-05-14 21:30:07.451033
23843223791000175
None 2019-05-14 21:30:07.879578
23843269222010540
None 2019-05-14 21:30:08.112910
23843277365380540
None 2019-05-14 21:30:08.274406
23843301261480540
None 2019-05-14 21:30:08.588996
23843950299930337
None 2019-05-14 21:30:08.754579
23843965453120337
None 2019-05-14 21:30:09.070189
23843286422270175
None 2019-05-14 21:30:09.306072
23843211040890014
None 2019-05-14 21:30:09.717667
23843310773940232
None 2019-05-14 21:30:09.930132
23843352435060457
None 2019-05-14 21:30:10.159304
23843352435060457
None 2019-05-14 21:30:10.429088
23843996683900337
None 2019-05-14 21:30:10.882347
23843417989430316
None 2019-05-14 21:30:11.111894
23843299961870090
None 2019-05-14 21:30:11.330535
23843417989430316
None 2019-05-14 21:30:11.510585
23843415140730316
None 2019-05-14 21:30:12.018719
23843338715870399
None 2019-05-14 21:30:12.264520
23843335814370399
None 2019-05-14 21:30:12.493204
23843306827810240
None 2019-05-14 21:30:12.731625
23843420208720408
None 2019-05-14 21:30:13.424236
23843582099980495
None 2019-05-14 21:30:13.612599
23843451709300010
None 2019-05-14 21:30:13.871994
23843319164090240
None 2019-05-14 21:30:14.130501
23843358370700576
None 2019-05-14 21:30:14.481909
23843321565300240
None 2019-05-14 21:30:15.117795
23843321565280240
None 2019-05-14 21:30:15.336886
23843321565240240
None 2019-05-14 21:30:15.508224
23843382144850534
None 2019-05-14 21:30:15.834938
23843419701490612
None 2019-05-14 21:30:16.372000
23843546765400616
None 2019-05-14 21:30:16.804121
23843307694520535
None 2019-05-14 21:30:16.996977
23843372439710187
None 2019-05-14 21:40:02.781206
23843180432940316
None 2019-05-14 21:40:02.995002
23843052139470246
None 2019-05-14 21:40:03.068898
23843085681850632
None 2019-05-14 21:40:03.954521
23843355587140564
None 2019-05-14 21:40:03.978900
23843212203370457
None 2019-05-14 21:40:03.979716
23843388429560564
None 2019-05-14 21:40:04.033113
23843165629940756
None 2019-05-14 21:40:04.584032
23843236045380457
None 2019-05-14 21:40:04.604551
23843223791000175
None 2019-05-14 21:40:04.605473
23843230044560559
None 2019-05-14 21:40:04.607653
23843233258000559
None 2019-05-14 21:40:04.988618
23843269222010540
None 2019-05-14 21:40:05.104147
23843277365380540
None 2019-05-14 21:40:05.105107
23843301261480540
None 2019-05-14 21:40:05.106992
23843950299930337
None 2019-05-14 21:40:05.165349
23843965453120337
None 2019-05-14 21:40:05.544635
23843286422270175
None 2019-05-14 21:40:05.563935
23843211040890014
None 2019-05-14 21:40:05.564795
23843310773940232
None 2019-05-14 21:40:05.568275
23843352435060457
None 2019-05-14 21:40:05.930920
23843352435060457
None 2019-05-14 21:40:05.979434
23843299961870090
None 2019-05-14 21:40:05.981532
23843996683900337
None 2019-05-14 21:40:05.985816
23843417989430316
None 2019-05-14 21:40:06.109384
23843417989430316
None 2019-05-14 21:40:06.376040
23843415140730316
None 2019-05-14 21:40:06.406825
23843335814370399
None 2019-05-14 21:40:06.410925
23843338715870399
None 2019-05-14 21:40:06.414303
23843306827810240
None 2019-05-14 21:40:06.664116
23843420208720408
None 2019-05-14 21:40:06.817753
23843582099980495
None 2019-05-14 21:40:06.818670
23843451709300010
None 2019-05-14 21:40:06.829732
23843319164090240
None 2019-05-14 21:40:07.067157
23843358370700576
None 2019-05-14 21:40:07.300852
23843321565300240
None 2019-05-14 21:40:07.332541
23843321565280240
None 2019-05-14 21:40:07.354014
23843321565240240
None 2019-05-14 21:40:07.361514
23843382144850534
None 2019-05-14 21:40:07.502946
23843419701490612
None 2019-05-14 21:40:07.755997
23843546765400616
None 2019-05-14 21:40:07.778555
23843307694520535
None 2019-05-14 21:40:07.781100
23843372439710187
None 2019-05-14 21:50:02.162473
23843180432940316
None 2019-05-14 21:50:02.185569
23843052139470246
None 2019-05-14 21:50:03.161764
23843085681850632
None 2019-05-14 21:50:03.185660
23843355587140564
None 2019-05-14 21:50:03.545776
23843388429560564
None 2019-05-14 21:50:03.553795
23843212203370457
None 2019-05-14 21:50:03.656960
23843165629940756
None 2019-05-14 21:50:03.921703
23843236045380457
None 2019-05-14 21:50:03.937346
23843230044560559
None 2019-05-14 21:50:03.947697
23843233258000559
None 2019-05-14 21:50:04.303677
23843223791000175
None 2019-05-14 21:50:04.323647
23843269222010540
None 2019-05-14 21:50:04.327599
23843277365380540
None 2019-05-14 21:50:04.428442
23843301261480540
None 2019-05-14 21:50:04.670146
23843950299930337
None 2019-05-14 21:50:04.733387
23843286422270175
None 2019-05-14 21:50:04.740966
23843965453120337
None 2019-05-14 21:50:04.741977
23843211040890014
None 2019-05-14 21:50:04.814335
23843310773940232
None 2019-05-14 21:50:05.171118
23843352435060457
None 2019-05-14 21:50:05.171951
23843996683900337
None 2019-05-14 21:50:05.176263
23843352435060457
None 2019-05-14 21:50:05.178875
23843417989430316
None 2019-05-14 21:50:05.625685
23843299961870090
None 2019-05-14 21:50:05.641121
23843415140730316
None 2019-05-14 21:50:05.642069
23843417989430316
None 2019-05-14 21:50:05.643308
23843338715870399
None 2019-05-14 21:50:05.958404
23843335814370399
None 2019-05-14 21:50:06.145458
23843420208720408
None 2019-05-14 21:50:06.149540
23843582099980495
None 2019-05-14 21:50:06.150337
23843306827810240
None 2019-05-14 21:50:06.151655
23843451709300010
None 2019-05-14 21:50:06.503321
23843319164090240
None 2019-05-14 21:50:06.640976
23843358370700576
None 2019-05-14 21:50:06.646408
23843321565300240
None 2019-05-14 21:50:06.710230
23843321565280240
None 2019-05-14 21:50:07.017775
23843321565240240
None 2019-05-14 21:50:07.036220
23843382144850534
None 2019-05-14 21:50:07.045638
23843419701490612
None 2019-05-14 21:50:07.046552
23843546765400616
None 2019-05-14 21:50:07.478928
23843307694520535
None 2019-05-14 21:50:07.489464
23843372439710187
None 2019-05-14 22:00:02.459652
23843180432940316
None 2019-05-14 22:00:03.556453
23843052139470246
None 2019-05-14 22:00:03.830596
23843085681850632
None 2019-05-14 22:00:05.208313
23843355587140564
None 2019-05-14 22:00:05.373703
23843388429560564
None 2019-05-14 22:00:05.591637
23843212203370457
None 2019-05-14 22:00:05.848430
23843165629940756
None 2019-05-14 22:00:06.337749
23843236045380457
None 2019-05-14 22:00:08.158930
23843230044560559
None 2019-05-14 22:00:08.593384
23843233258000559
None 2019-05-14 22:00:08.751360
23843223791000175
None 2019-05-14 22:00:08.981833
23843269222010540
None 2019-05-14 22:00:09.328035
23843277365380540
None 2019-05-14 22:00:09.912030
23843301261480540
None 2019-05-14 22:00:10.097003
23843950299930337
None 2019-05-14 22:00:10.305564
23843965453120337
None 2019-05-14 22:00:10.608938
23843286422270175
None 2019-05-14 22:00:10.951433
23843211040890014
None 2019-05-14 22:00:11.349424
23843310773940232
None 2019-05-14 22:00:11.530434
23843352435060457
None 2019-05-14 22:00:11.776241
23843352435060457
None 2019-05-14 22:00:12.269300
23843996683900337
None 2019-05-14 22:00:12.588538
23843417989430316
None 2019-05-14 22:00:12.761585
23843299961870090
None 2019-05-14 22:00:13.031542
23843417989430316
None 2019-05-14 22:00:13.328579
23843415140730316
None 2019-05-14 22:00:13.773510
23843338715870399
None 2019-05-14 22:00:14.197089
23843335814370399
None 2019-05-14 22:00:14.398586
23843306827810240
None 2019-05-14 22:00:14.639431
23843420208720408
None 2019-05-14 22:00:15.215432
23843582099980495
None 2019-05-14 22:00:15.528907
23843451709300010
None 2019-05-14 22:00:15.627645
23843319164090240
None 2019-05-14 22:00:15.887098
23843358370700576
None 2019-05-14 22:00:15.899672
23843321565300240
None 2019-05-14 22:00:16.145716
23843321565280240
None 2019-05-14 22:00:16.184675
23843321565240240
None 2019-05-14 22:00:16.379145
23843382144850534
None 2019-05-14 22:00:16.404413
23843419701490612
None 2019-05-14 22:00:16.649996
23843546765400616
None 2019-05-14 22:00:16.726354
23843307694520535
None 2019-05-14 22:00:16.732801
23843372439710187
None 2019-05-14 22:10:03.789871
23843085681850632
None 2019-05-14 22:10:03.792183
23843052139470246
None 2019-05-14 22:10:03.793976
23843180432940316
None 2019-05-14 22:10:04.199587
23843355587140564
None 2019-05-14 22:10:05.025792
23843388429560564
None 2019-05-14 22:10:05.037900
23843165629940756
None 2019-05-14 22:10:05.038933
23843236045380457
None 2019-05-14 22:10:05.041633
23843212203370457
None 2019-05-14 22:10:05.554894
23843230044560559
None 2019-05-14 22:10:05.565852
23843233258000559
None 2019-05-14 22:10:05.572459
23843269222010540
None 2019-05-14 22:10:05.573371
23843223791000175
None 2019-05-14 22:10:06.008873
23843277365380540
None 2019-05-14 22:10:06.013911
23843301261480540
None 2019-05-14 22:10:06.014827
23843950299930337
None 2019-05-14 22:10:06.020193
23843965453120337
None 2019-05-14 22:10:06.594651
23843286422270175
None 2019-05-14 22:10:06.609872
23843211040890014
None 2019-05-14 22:10:06.613085
23843310773940232
None 2019-05-14 22:10:06.614582
23843352435060457
None 2019-05-14 22:10:07.086312
23843299961870090
None 2019-05-14 22:10:07.087373
23843996683900337
None 2019-05-14 22:10:07.088289
23843417989430316
None 2019-05-14 22:10:07.091169
23843352435060457
None 2019-05-14 22:10:07.540920
23843417989430316
None 2019-05-14 22:10:07.554037
23843415140730316
None 2019-05-14 22:10:07.554856
23843335814370399
None 2019-05-14 22:10:07.557635
23843338715870399
None 2019-05-14 22:10:07.970402
23843306827810240
None 2019-05-14 22:10:07.993448
23843451709300010
None 2019-05-14 22:10:07.997231
23843420208720408
None 2019-05-14 22:10:07.998486
23843582099980495
None 2019-05-14 22:10:08.240375
23843319164090240
None 2019-05-14 22:10:08.460690
23843358370700576
None 2019-05-14 22:10:08.482521
23843321565300240
None 2019-05-14 22:10:08.513151
23843321565280240
None 2019-05-14 22:10:08.633493
23843321565240240
None 2019-05-14 22:10:08.874409
23843419701490612
None 2019-05-14 22:10:08.875249
23843382144850534
None 2019-05-14 22:10:08.886240
23843546765400616
None 2019-05-14 22:10:08.907453
23843307694520535
None 2019-05-14 22:10:09.327642
23843372439710187
None 2019-05-14 22:20:02.152024
23843180432940316
None 2019-05-14 22:20:02.340495
23843052139470246
None 2019-05-14 22:20:02.401179
23843085681850632
None 2019-05-14 22:20:02.608321
23843355587140564
None 2019-05-14 22:20:03.331224
23843388429560564
None 2019-05-14 22:20:03.344460
23843212203370457
None 2019-05-14 22:20:03.346024
23843165629940756
None 2019-05-14 22:20:03.350363
23843236045380457
None 2019-05-14 22:20:03.942336
23843269222010540
None 2019-05-14 22:20:03.945479
23843233258000559
None 2019-05-14 22:20:03.947969
23843223791000175
None 2019-05-14 22:20:03.954248
23843230044560559
None 2019-05-14 22:20:04.463361
23843277365380540
None 2019-05-14 22:20:04.477787
23843301261480540
None 2019-05-14 22:20:04.482601
23843950299930337
None 2019-05-14 22:20:04.488416
23843965453120337
None 2019-05-14 22:20:04.892686
23843286422270175
None 2019-05-14 22:20:04.917220
23843211040890014
None 2019-05-14 22:20:04.930582
23843310773940232
None 2019-05-14 22:20:04.932183
23843352435060457
None 2019-05-14 22:20:05.156257
23843352435060457
None 2019-05-14 22:20:05.327437
23843996683900337
None 2019-05-14 22:20:05.355364
23843417989430316
None 2019-05-14 22:20:05.386970
23843299961870090
None 2019-05-14 22:20:05.400301
23843417989430316
None 2019-05-14 22:20:05.487051
23843415140730316
None 2019-05-14 22:20:05.703315
23843338715870399
None 2019-05-14 22:20:05.791839
23843335814370399
None 2019-05-14 22:20:05.805167
23843306827810240
None 2019-05-14 22:20:05.805985
23843420208720408
None 2019-05-14 22:20:05.862347
23843582099980495
None 2019-05-14 22:20:06.121496
23843451709300010
None 2019-05-14 22:20:06.193826
23843319164090240
None 2019-05-14 22:20:06.203398
23843358370700576
None 2019-05-14 22:20:06.598962
23843321565300240
None 2019-05-14 22:20:06.613762
23843321565280240
None 2019-05-14 22:20:06.619912
23843321565240240
None 2019-05-14 22:20:06.626994
23843382144850534
None 2019-05-14 22:20:07.067096
23843546765400616
None 2019-05-14 22:20:07.069109
23843307694520535
None 2019-05-14 22:20:07.072271
23843419701490612
None 2019-05-14 22:20:07.077327
23843372439710187
None 2019-05-14 22:30:02.391165
23843180432940316
None 2019-05-14 22:30:03.234648
23843052139470246
None 2019-05-14 22:30:03.608418
23843085681850632
None 2019-05-14 22:30:03.633623
23843355587140564
None 2019-05-14 22:30:03.987834
23843388429560564
None 2019-05-14 22:30:04.007530
23843212203370457
None 2019-05-14 22:30:04.118769
23843165629940756
None 2019-05-14 22:30:04.405993
23843236045380457
None 2019-05-14 22:30:04.437667
23843230044560559
None 2019-05-14 22:30:04.680350
23843233258000559
None 2019-05-14 22:30:05.006775
23843223791000175
None 2019-05-14 22:30:05.238915
23843269222010540
None 2019-05-14 22:30:05.592231
23843277365380540
None 2019-05-14 22:30:05.764514
23843301261480540
None 2019-05-14 22:30:06.062334
23843950299930337
None 2019-05-14 22:30:06.256781
23843965453120337
None 2019-05-14 22:30:06.424178
23843286422270175
None 2019-05-14 22:30:06.845293
23843211040890014
None 2019-05-14 22:30:07.061107
23843310773940232
None 2019-05-14 22:30:07.220571
23843352435060457
None 2019-05-14 22:30:07.406483
23843352435060457
None 2019-05-14 22:30:07.842470
23843996683900337
None 2019-05-14 22:30:08.075571
23843417989430316
None 2019-05-14 22:30:08.224702
23843299961870090
None 2019-05-14 22:30:08.438432
23843417989430316
None 2019-05-14 22:30:08.772146
23843415140730316
None 2019-05-14 22:30:08.915023
23843338715870399
None 2019-05-14 22:30:09.189403
23843335814370399
None 2019-05-14 22:30:09.396707
23843306827810240
None 2019-05-14 22:30:09.638838
23843420208720408
None 2019-05-14 22:30:10.340694
23843582099980495
None 2019-05-14 22:30:10.450565
23843451709300010
None 2019-05-14 22:30:10.557591
23843319164090240
None 2019-05-14 22:30:10.799910
23843358370700576
None 2019-05-14 22:30:11.415168
23843321565300240
None 2019-05-14 22:30:11.572886
23843321565280240
None 2019-05-14 22:30:11.743172
23843321565240240
None 2019-05-14 22:30:11.968944
23843382144850534
None 2019-05-14 22:30:11.984182
23843419701490612
None 2019-05-14 22:30:12.299257
23843546765400616
None 2019-05-14 22:30:12.311152
23843307694520535
None 2019-05-14 22:30:12.599606
23843372439710187
None 2019-05-14 22:40:02.075463
23843180432940316
None 2019-05-14 22:40:02.528190
23843052139470246
None 2019-05-14 22:40:03.048833
23843085681850632
None 2019-05-14 22:40:03.054657
23843355587140564
None 2019-05-14 22:40:03.397951
23843388429560564
None 2019-05-14 22:40:03.405649
23843212203370457
None 2019-05-14 22:40:03.687008
23843236045380457
None 2019-05-14 22:40:03.689760
23843165629940756
None 2019-05-14 22:40:03.989637
23843230044560559
None 2019-05-14 22:40:04.003068
23843233258000559
None 2019-05-14 22:40:04.039925
23843223791000175
None 2019-05-14 22:40:04.165631
23843269222010540
None 2019-05-14 22:40:04.402740
23843277365380540
None 2019-05-14 22:40:04.429473
23843301261480540
None 2019-05-14 22:40:04.452658
23843965453120337
None 2019-05-14 22:40:04.457015
23843950299930337
None 2019-05-14 22:40:04.622894
23843286422270175
None 2019-05-14 22:40:04.833637
23843211040890014
None 2019-05-14 22:40:04.849653
23843310773940232
None 2019-05-14 22:40:04.852369
23843352435060457
None 2019-05-14 22:40:04.867690
23843352435060457
None 2019-05-14 22:40:05.270950
23843996683900337
None 2019-05-14 22:40:05.295378
23843417989430316
None 2019-05-14 22:40:05.296262
23843417989430316
None 2019-05-14 22:40:05.301911
23843299961870090
None 2019-05-14 22:40:05.578701
23843415140730316
None 2019-05-14 22:40:05.723520
23843338715870399
None 2019-05-14 22:40:05.729324
23843306827810240
None 2019-05-14 22:40:05.730092
23843335814370399
None 2019-05-14 22:40:05.770868
23843420208720408
None 2019-05-14 22:40:06.180087
23843582099980495
None 2019-05-14 22:40:06.181735
23843451709300010
None 2019-05-14 22:40:06.185528
23843319164090240
None 2019-05-14 22:40:06.328932
23843358370700576
None 2019-05-14 22:40:06.570731
23843321565300240
None 2019-05-14 22:40:06.598253
23843321565280240
None 2019-05-14 22:40:06.644950
23843321565240240
None 2019-05-14 22:40:06.645861
23843382144850534
None 2019-05-14 22:40:06.838670
23843419701490612
None 2019-05-14 22:40:06.952573
23843546765400616
None 2019-05-14 22:40:07.012641
23843307694520535
None 2019-05-14 22:40:07.016226
23843372439710187
None 2019-05-14 22:50:02.124362
23843180432940316
None 2019-05-14 22:50:02.297241
23843052139470246
None 2019-05-14 22:50:02.493725
23843085681850632
None 2019-05-14 22:50:02.545464
23843355587140564
None 2019-05-14 22:50:03.332127
23843388429560564
None 2019-05-14 22:50:03.348440
23843212203370457
None 2019-05-14 22:50:03.353993
23843165629940756
None 2019-05-14 22:50:03.359281
23843236045380457
None 2019-05-14 22:50:03.900578
23843230044560559
None 2019-05-14 22:50:03.910162
23843233258000559
None 2019-05-14 22:50:03.912062
23843269222010540
None 2019-05-14 22:50:03.915039
23843223791000175
None 2019-05-14 22:50:04.373552
23843277365380540
None 2019-05-14 22:50:04.396658
23843950299930337
None 2019-05-14 22:50:04.400227
23843301261480540
None 2019-05-14 22:50:04.403900
23843965453120337
None 2019-05-14 22:50:04.759977
23843286422270175
None 2019-05-14 22:50:04.830902
23843211040890014
None 2019-05-14 22:50:04.831724
23843352435060457
None 2019-05-14 22:50:04.833358
23843310773940232
None 2019-05-14 22:50:04.901945
23843352435060457
None 2019-05-14 22:50:05.265348
23843996683900337
None 2019-05-14 22:50:05.281376
23843417989430316
None 2019-05-14 22:50:05.283760
23843417989430316
None 2019-05-14 22:50:05.289264
23843299961870090
None 2019-05-14 22:50:05.621894
23843415140730316
None 2019-05-14 22:50:05.737097
23843335814370399
None 2019-05-14 22:50:05.740695
23843306827810240
None 2019-05-14 22:50:05.741576
23843338715870399
None 2019-05-14 22:50:05.793281
23843420208720408
None 2019-05-14 22:50:06.172475
23843582099980495
None 2019-05-14 22:50:06.173502
23843319164090240
None 2019-05-14 22:50:06.177498
23843451709300010
None 2019-05-14 22:50:06.388475
23843358370700576
None 2019-05-14 22:50:06.575525
23843321565300240
None 2019-05-14 22:50:06.613391
23843321565280240
None 2019-05-14 22:50:06.645991
23843321565240240
None 2019-05-14 22:50:06.666798
23843382144850534
None 2019-05-14 22:50:06.762626
23843419701490612
None 2019-05-14 22:50:06.961434
23843546765400616
None 2019-05-14 22:50:07.032139
23843372439710187
None 2019-05-14 22:50:07.033760
23843307694520535
None 2019-05-14 23:00:03.381174
23843180432940316
None 2019-05-14 23:00:04.029934
23843052139470246
None 2019-05-14 23:00:04.387538
23843085681850632
None 2019-05-14 23:00:04.873444
23843355587140564
None 2019-05-14 23:00:05.127946
23843388429560564
None 2019-05-14 23:00:05.347781
23843212203370457
None 2019-05-14 23:00:05.956240
23843165629940756
None 2019-05-14 23:00:06.129889
23843236045380457
None 2019-05-14 23:00:06.328611
23843230044560559
None 2019-05-14 23:00:06.559651
23843233258000559
None 2019-05-14 23:00:06.980045
23843223791000175
None 2019-05-14 23:00:07.334791
23843269222010540
None 2019-05-14 23:00:07.654352
23843277365380540
None 2019-05-14 23:00:07.814707
23843301261480540
None 2019-05-14 23:00:08.133644
23843950299930337
None 2019-05-14 23:00:08.395764
23843965453120337
None 2019-05-14 23:00:08.637738
23843286422270175
None 2019-05-14 23:00:09.008851
23843211040890014
None 2019-05-14 23:00:09.311089
23843310773940232
None 2019-05-14 23:00:09.528229
23843352435060457
None 2019-05-14 23:00:09.866934
23843352435060457
None 2019-05-14 23:00:10.149274
23843996683900337
None 2019-05-14 23:00:10.555894
23843417989430316
None 2019-05-14 23:00:10.711212
23843299961870090
None 2019-05-14 23:00:11.141624
23843417989430316
None 2019-05-14 23:00:11.371482
23843415140730316
None 2019-05-14 23:00:11.598080
23843338715870399
None 2019-05-14 23:00:12.158299
23843335814370399
None 2019-05-14 23:00:12.443735
23843306827810240
None 2019-05-14 23:00:12.737997
23843420208720408
None 2019-05-14 23:00:13.518629
23843582099980495
None 2019-05-14 23:00:13.686757
23843451709300010
None 2019-05-14 23:00:13.859253
23843319164090240
None 2019-05-14 23:00:14.081630
23843358370700576
None 2019-05-14 23:00:14.569929
23843321565300240
None 2019-05-14 23:00:14.830578
23843321565280240
None 2019-05-14 23:00:15.084844
23843321565240240
None 2019-05-14 23:00:15.347358
23843382144850534
None 2019-05-14 23:00:15.853974
23843419701490612
None 2019-05-14 23:00:16.115057
23843546765400616
None 2019-05-14 23:00:16.391473
23843307694520535
None 2019-05-14 23:00:16.661306
23843372439710187
None 2019-05-14 23:10:02.317979
23843180432940316
None 2019-05-14 23:10:03.211706
23843052139470246
None 2019-05-14 23:10:03.521277
23843085681850632
None 2019-05-14 23:10:03.555441
23843355587140564
None 2019-05-14 23:10:03.591460
23843388429560564
None 2019-05-14 23:10:03.888581
23843212203370457
None 2019-05-14 23:10:04.049724
23843236045380457
None 2019-05-14 23:10:04.051308
23843165629940756
None 2019-05-14 23:10:04.056959
23843230044560559
None 2019-05-14 23:10:04.109610
23843233258000559
None 2019-05-14 23:10:04.647057
23843223791000175
None 2019-05-14 23:10:04.660432
23843269222010540
None 2019-05-14 23:10:04.661438
23843277365380540
None 2019-05-14 23:10:04.668988
23843301261480540
None 2019-05-14 23:10:05.137171
23843950299930337
None 2019-05-14 23:10:05.140860
23843286422270175
None 2019-05-14 23:10:05.141626
23843211040890014
None 2019-05-14 23:10:05.144953
23843965453120337
None 2019-05-14 23:10:05.608117
23843310773940232
None 2019-05-14 23:10:05.622825
23843352435060457
None 2019-05-14 23:10:05.629671
23843352435060457
None 2019-05-14 23:10:05.639762
23843996683900337
None 2019-05-14 23:10:06.060565
23843417989430316
None 2019-05-14 23:10:06.062223
23843299961870090
None 2019-05-14 23:10:06.066328
23843417989430316
None 2019-05-14 23:10:06.072054
23843415140730316
None 2019-05-14 23:10:06.502859
23843338715870399
None 2019-05-14 23:10:06.513839
23843335814370399
None 2019-05-14 23:10:06.515058
23843420208720408
None 2019-05-14 23:10:06.519419
23843306827810240
None 2019-05-14 23:10:06.898987
23843582099980495
None 2019-05-14 23:10:06.910477
23843451709300010
None 2019-05-14 23:10:06.925290
23843319164090240
None 2019-05-14 23:10:07.194407
23843358370700576
None 2019-05-14 23:10:07.323669
23843321565300240
None 2019-05-14 23:10:07.345699
23843321565280240
None 2019-05-14 23:10:07.372845
23843321565240240
None 2019-05-14 23:10:07.405195
23843382144850534
None 2019-05-14 23:10:07.545702
23843419701490612
None 2019-05-14 23:10:07.782918
23843546765400616
None 2019-05-14 23:10:07.804262
23843307694520535
None 2019-05-14 23:10:07.805105
23843372439710187
None 2019-05-14 23:20:02.838403
23843085681850632
None 2019-05-14 23:20:02.839704
23843052139470246
None 2019-05-14 23:20:02.843510
23843180432940316
None 2019-05-14 23:20:03.572850
23843355587140564
None 2019-05-14 23:20:04.009725
23843165629940756
None 2019-05-14 23:20:04.013431
23843388429560564
None 2019-05-14 23:20:04.015989
23843212203370457
None 2019-05-14 23:20:04.019718
23843236045380457
None 2019-05-14 23:20:04.604022
23843230044560559
None 2019-05-14 23:20:04.610559
23843223791000175
None 2019-05-14 23:20:04.615090
23843233258000559
None 2019-05-14 23:20:04.618003
23843269222010540
None 2019-05-14 23:20:05.062078
23843277365380540
None 2019-05-14 23:20:05.075573
23843950299930337
None 2019-05-14 23:20:05.076623
23843301261480540
None 2019-05-14 23:20:05.077410
23843965453120337
None 2019-05-14 23:20:05.378436
23843286422270175
None 2019-05-14 23:20:05.513527
23843211040890014
None 2019-05-14 23:20:05.551572
23843352435060457
None 2019-05-14 23:20:05.555844
23843310773940232
None 2019-05-14 23:20:05.596917
23843352435060457
None 2019-05-14 23:20:05.670618
23843996683900337
None 2019-05-14 23:20:05.937669
23843417989430316
None 2019-05-14 23:20:05.958506
23843299961870090
None 2019-05-14 23:20:05.975963
23843415140730316
None 2019-05-14 23:20:05.980191
23843417989430316
None 2019-05-14 23:20:06.295424
23843338715870399
None 2019-05-14 23:20:06.367036
23843306827810240
None 2019-05-14 23:20:06.370254
23843420208720408
None 2019-05-14 23:20:06.371103
23843335814370399
None 2019-05-14 23:20:06.449696
23843582099980495
None 2019-05-14 23:20:06.781616
23843451709300010
None 2019-05-14 23:20:06.796420
23843319164090240
None 2019-05-14 23:20:06.808682
23843358370700576
None 2019-05-14 23:20:06.986206
23843321565300240
None 2019-05-14 23:20:07.202530
23843321565280240
None 2019-05-14 23:20:07.222258
23843321565240240
None 2019-05-14 23:20:07.245902
23843382144850534
None 2019-05-14 23:20:07.255701
23843419701490612
None 2019-05-14 23:20:07.530365
23843546765400616
None 2019-05-14 23:20:07.641287
23843307694520535
None 2019-05-14 23:20:07.657081
23843372439710187
None 2019-05-14 23:30:03.480315
23843180432940316
None 2019-05-14 23:30:04.095358
23843052139470246
None 2019-05-14 23:30:04.165708
23843085681850632
None 2019-05-14 23:30:04.180716
23843355587140564
None 2019-05-14 23:30:04.421511
23843388429560564
None 2019-05-14 23:30:04.815078
23843212203370457
None 2019-05-14 23:30:04.825981
23843165629940756
None 2019-05-14 23:30:05.150238
23843236045380457
None 2019-05-14 23:30:05.657913
23843230044560559
None 2019-05-14 23:30:05.949055
23843233258000559
None 2019-05-14 23:30:06.179347
23843223791000175
None 2019-05-14 23:30:06.411498
23843269222010540
None 2019-05-14 23:30:06.753382
23843277365380540
None 2019-05-14 23:30:07.394964
23843301261480540
None 2019-05-14 23:30:07.540314
23843950299930337
None 2019-05-14 23:30:08.707454
23843965453120337
None 2019-05-14 23:30:08.847256
23843286422270175
None 2019-05-14 23:30:09.080948
23843211040890014
None 2019-05-14 23:30:09.449321
23843310773940232
None 2019-05-14 23:30:09.587366
23843352435060457
None 2019-05-14 23:30:09.880005
23843352435060457
None 2019-05-14 23:30:10.309765
23843996683900337
None 2019-05-14 23:30:10.506315
23843417989430316
None 2019-05-14 23:30:10.730251
23843299961870090
None 2019-05-14 23:30:11.107352
23843417989430316
None 2019-05-14 23:30:11.485358
23843415140730316
None 2019-05-14 23:30:11.704468
23843338715870399
None 2019-05-14 23:30:11.925264
23843335814370399
None 2019-05-14 23:30:12.325792
23843306827810240
None 2019-05-14 23:30:12.814405
23843420208720408
None 2019-05-14 23:30:12.983532
23843582099980495
None 2019-05-14 23:30:13.509954
23843451709300010
None 2019-05-14 23:30:13.797097
23843319164090240
None 2019-05-14 23:30:13.939405
23843358370700576
None 2019-05-14 23:30:13.990916
23843321565300240
None 2019-05-14 23:30:14.317654
23843321565280240
None 2019-05-14 23:30:14.337538
23843321565240240
None 2019-05-14 23:30:14.590306
23843382144850534
None 2019-05-14 23:30:15.311585
23843419701490612
None 2019-05-14 23:30:15.691146
23843546765400616
None 2019-05-14 23:30:15.803773
23843307694520535
None 2019-05-14 23:30:16.001302
23843372439710187
None 2019-05-14 23:40:02.062827
23843180432940316
None 2019-05-14 23:40:02.783643
23843052139470246
None 2019-05-14 23:40:03.119784
23843355587140564
None 2019-05-14 23:40:03.122588
23843085681850632
None 2019-05-14 23:40:03.461810
23843388429560564
None 2019-05-14 23:40:03.480376
23843212203370457
None 2019-05-14 23:40:03.534616
23843165629940756
None 2019-05-14 23:40:03.863838
23843236045380457
None 2019-05-14 23:40:03.906640
23843230044560559
None 2019-05-14 23:40:03.912670
23843233258000559
None 2019-05-14 23:40:04.304859
23843223791000175
None 2019-05-14 23:40:04.442256
23843269222010540
None 2019-05-14 23:40:04.463274
23843301261480540
None 2019-05-14 23:40:04.466607
23843277365380540
None 2019-05-14 23:40:04.511603
23843950299930337
None 2019-05-14 23:40:04.820802
23843965453120337
None 2019-05-14 23:40:04.908893
23843286422270175
None 2019-05-14 23:40:04.909807
23843310773940232
None 2019-05-14 23:40:04.914536
23843211040890014
None 2019-05-14 23:40:04.969394
23843352435060457
None 2019-05-14 23:40:05.367264
23843417989430316
None 2019-05-14 23:40:05.368362
23843352435060457
None 2019-05-14 23:40:05.369716
23843996683900337
None 2019-05-14 23:40:05.373574
23843299961870090
None 2019-05-14 23:40:05.812452
23843417989430316
None 2019-05-14 23:40:05.825685
23843338715870399
None 2019-05-14 23:40:05.827351
23843335814370399
None 2019-05-14 23:40:05.829611
23843415140730316
None 2019-05-14 23:40:06.633320
23843306827810240
None 2019-05-14 23:40:06.641697
23843582099980495
None 2019-05-14 23:40:06.642580
23843451709300010
None 2019-05-14 23:40:06.643323
23843420208720408
None 2019-05-14 23:40:06.945520
23843319164090240
None 2019-05-14 23:40:07.030432
23843358370700576
None 2019-05-14 23:40:07.086045
23843321565300240
None 2019-05-14 23:40:07.171410
23843321565280240
None 2019-05-14 23:40:07.365487
23843321565240240
None 2019-05-14 23:40:07.396716
23843382144850534
None 2019-05-14 23:40:07.457983
23843546765400616
None 2019-05-14 23:40:07.464474
23843419701490612
None 2019-05-14 23:40:07.603930
23843307694520535
None 2019-05-14 23:40:07.675225
23843372439710187
None 2019-05-14 23:50:02.429575
23843180432940316
None 2019-05-14 23:50:02.513398
23843052139470246
None 2019-05-14 23:50:03.443958
23843085681850632
None 2019-05-14 23:50:03.450892
23843355587140564
None 2019-05-14 23:50:03.891332
23843212203370457
None 2019-05-14 23:50:03.892223
23843388429560564
None 2019-05-14 23:50:04.135753
23843165629940756
None 2019-05-14 23:50:04.220664
23843236045380457
None 2019-05-14 23:50:04.237745
23843230044560559
None 2019-05-14 23:50:04.292400
23843233258000559
None 2019-05-14 23:50:04.565258
23843223791000175
None 2019-05-14 23:50:04.574403
23843269222010540
None 2019-05-14 23:50:04.584003
23843277365380540
None 2019-05-14 23:50:04.885733
23843301261480540
None 2019-05-14 23:50:04.977309
23843286422270175
None 2019-05-14 23:50:04.985720
23843965453120337
None 2019-05-14 23:50:04.986546
23843950299930337
None 2019-05-14 23:50:05.048802
23843211040890014
None 2019-05-14 23:50:05.423827
23843310773940232
None 2019-05-14 23:50:05.431882
23843352435060457
None 2019-05-14 23:50:05.435079
23843352435060457
None 2019-05-14 23:50:05.440532
23843996683900337
None 2019-05-14 23:50:05.873024
23843417989430316
None 2019-05-14 23:50:05.885443
23843299961870090
None 2019-05-14 23:50:05.888586
23843417989430316
None 2019-05-14 23:50:05.892038
23843415140730316
None 2019-05-14 23:50:06.353283
23843335814370399
None 2019-05-14 23:50:06.357579
23843338715870399
None 2019-05-14 23:50:06.358554
23843420208720408
None 2019-05-14 23:50:06.359387
23843306827810240
None 2019-05-14 23:50:06.768913
23843582099980495
None 2019-05-14 23:50:06.769826
23843451709300010
None 2019-05-14 23:50:06.790139
23843319164090240
None 2019-05-14 23:50:07.094403
23843358370700576
None 2019-05-14 23:50:07.143587
23843321565300240
None 2019-05-14 23:50:07.171446
23843321565280240
None 2019-05-14 23:50:07.197906
23843321565240240
None 2019-05-14 23:50:07.293910
23843382144850534
None 2019-05-14 23:50:07.463173
23843419701490612
None 2019-05-14 23:50:07.550400
23843546765400616
None 2019-05-14 23:50:07.551331
23843307694520535
None 2019-05-14 23:50:07.586959
23843372439710187
None 2019-05-15 00:00:04.954593
23843180432940316
None 2019-05-15 00:00:05.333163
23843052139470246
None 2019-05-15 00:00:05.366270
23843085681850632
None 2019-05-15 00:00:05.585040
23843355587140564
None 2019-05-15 00:00:06.050910
23843388429560564
None 2019-05-15 00:00:06.110567
23843212203370457
None 2019-05-15 00:00:06.451170
23843165629940756
None 2019-05-15 00:00:06.650401
23843236045380457
None 2019-05-15 00:00:07.160049
23843230044560559
None 2019-05-15 00:00:07.321896
23843233258000559
None 2019-05-15 00:00:07.523625
23843223791000175
None 2019-05-15 00:00:07.544969
23843269222010540
None 2019-05-15 00:00:07.786471
23843277365380540
None 2019-05-15 00:00:07.793836
23843301261480540
None 2019-05-15 00:00:08.054008
23843950299930337
None 2019-05-15 00:00:08.234639
23843965453120337
None 2019-05-15 00:00:08.379225
23843286422270175
None 2019-05-15 00:00:08.918480
23843211040890014
None 2019-05-15 00:00:09.154494
23843310773940232
None 2019-05-15 00:00:09.310431
23843352435060457
None 2019-05-15 00:00:09.622385
23843352435060457
None 2019-05-15 00:00:10.012330
23843996683900337
None 2019-05-15 00:00:10.335300
23843417989430316
None 2019-05-15 00:00:10.589631
23843299961870090
None 2019-05-15 00:00:10.749392
23843417989430316
None 2019-05-15 00:00:11.425259
23843415140730316
None 2019-05-15 00:00:11.682894
23843338715870399
None 2019-05-15 00:00:12.740663
23843335814370399
None 2019-05-15 00:00:13.022812
23843306827810240
None 2019-05-15 00:00:13.043837
23843420208720408
None 2019-05-15 00:00:13.665621
23843582099980495
None 2019-05-15 00:00:13.918261
23843451709300010
None 2019-05-15 00:00:14.201635
23843319164090240
None 2019-05-15 00:00:14.415713
23843358370700576
None 2019-05-15 00:00:14.704125
23843321565300240
None 2019-05-15 00:00:15.074888
23843321565280240
None 2019-05-15 00:00:15.329203
23843321565240240
None 2019-05-15 00:00:15.716490
23843382144850534
None 2019-05-15 00:00:15.968061
23843419701490612
None 2019-05-15 00:00:16.398149
23843546765400616
None 2019-05-15 00:00:16.601582
23843307694520535
None 2019-05-15 00:00:16.970494
23843372439710187
None 2019-05-15 00:10:13.454249
23843180432940316
None 2019-05-15 00:13:03.331082
23843052139470246
None 2019-05-15 00:15:00.912206
23843085681850632
None 2019-05-15 00:15:14.918936
None 2019-05-15 00:15:14.967514
23843355587140564
None 2019-05-15 00:15:14.981256
23843165629940756
23843212203370457
None 2019-05-15 00:15:15.003825
23843236045380457
None 2019-05-15 00:15:15.004413
23843388429560564
None 2019-05-15 00:15:15.025414
23843233258000559
None 2019-05-15 00:15:15.026682
23843223791000175
None 2019-05-15 00:15:15.027558
23843269222010540
None 2019-05-15 00:15:15.028379
23843277365380540
None 2019-05-15 00:15:15.031466
23843301261480540
None 2019-05-15 00:15:15.032698
23843950299930337
None 2019-05-15 00:15:15.035277
23843965453120337
None 2019-05-15 00:15:15.036099
23843286422270175
None 2019-05-15 00:15:15.042143
23843211040890014
None 2019-05-15 00:15:15.043079
23843417989430316
None 2019-05-15 00:15:15.043790
23843306827810240
None 2019-05-15 00:15:17.901911
23843307694520535
None 2019-05-15 00:15:19.373777
23843372439710187
None 2019-05-15 00:21:06.807007
23843180432940316
None 2019-05-15 00:22:49.920729
23843085681850632
None 2019-05-15 00:22:49.921379
23843355587140564
None 2019-05-15 00:22:49.941852
23843052139470246
None 2019-05-15 00:22:50.116016
23843212203370457
None 2019-05-15 00:22:50.155706
23843165629940756
None 2019-05-15 00:22:50.157026
23843236045380457
None 2019-05-15 00:22:50.276443
23843233258000559
None 2019-05-15 00:22:50.276900
23843230044560559
None 2019-05-15 00:22:50.278079
23843223791000175
None 2019-05-15 00:22:50.317356
23843301261480540
None 2019-05-15 00:22:50.417811
23843277365380540
None 2019-05-15 00:22:50.419776
23843269222010540
None 2019-05-15 00:22:50.438746
23843950299930337None 2019-05-15 00:22:50.439662
23843965453120337

None 2019-05-15 00:23:03.264970
23843415140730316
None 2019-05-15 00:23:03.285180
23843417989430316
None 2019-05-15 00:23:04.125820
23843338715870399
None 2019-05-15 00:23:04.266115
23843335814370399
None 2019-05-15 00:23:24.841108
23843306827810240
None 2019-05-15 00:23:24.865686
23843420208720408
None 2019-05-15 00:23:24.906257
23843582099980495
None 2019-05-15 00:23:24.926486
23843451709300010
None 2019-05-15 00:23:26.442135
23843319164090240
None 2019-05-15 00:23:26.830393
23843358370700576
None 2019-05-15 00:23:27.159121
23843321565300240
None 2019-05-15 00:23:27.240192
23843321565280240
None 2019-05-15 00:23:27.690090
23843321565240240
None 2019-05-15 00:23:28.756196
23843382144850534
None 2019-05-15 00:23:29.307518
23843419701490612
None 2019-05-15 00:23:29.696159
23843546765400616
None 2019-05-15 00:23:29.862007
23843307694520535
None 2019-05-15 00:23:31.131185
23843372439710187
None 2019-05-15 00:30:04.580358
23843180432940316
None 2019-05-15 00:30:07.362357
23843052139470246
None 2019-05-15 00:30:07.423033
23843085681850632
None 2019-05-15 00:30:08.286312
23843355587140564
None 2019-05-15 00:30:10.805226
23843388429560564
None 2019-05-15 00:30:11.617397
23843212203370457
None 2019-05-15 00:30:11.805353
23843165629940756
None 2019-05-15 00:30:12.395257
23843236045380457
None 2019-05-15 00:30:12.643549
23843230044560559
None 2019-05-15 00:30:13.004434
23843233258000559
None 2019-05-15 00:30:13.473780
23843223791000175
None 2019-05-15 00:30:14.009670
23843269222010540
None 2019-05-15 00:30:14.473329
23843277365380540
None 2019-05-15 00:30:14.896674
23843301261480540
None 2019-05-15 00:30:15.002787
23843950299930337
None 2019-05-15 00:30:15.655312
23843965453120337
None 2019-05-15 00:30:15.912458
23843286422270175
None 2019-05-15 00:30:16.251561
23843211040890014
None 2019-05-15 00:30:16.524445
23843310773940232
None 2019-05-15 00:30:16.645933
23843352435060457
None 2019-05-15 00:30:17.008056
23843352435060457
None 2019-05-15 00:30:17.511923
23843996683900337
None 2019-05-15 00:30:17.694833
23843417989430316
None 2019-05-15 00:30:18.187369
23843299961870090
None 2019-05-15 00:30:18.489856
23843417989430316
None 2019-05-15 00:30:18.848205
23843415140730316
None 2019-05-15 00:30:19.185746
23843338715870399
None 2019-05-15 00:30:19.480603
23843335814370399
None 2019-05-15 00:30:19.819305
23843306827810240
None 2019-05-15 00:30:20.178983
23843420208720408
None 2019-05-15 00:30:20.757478
23843582099980495
None 2019-05-15 00:30:21.265584
23843451709300010
None 2019-05-15 00:30:21.832407
23843319164090240
None 2019-05-15 00:30:22.214675
23843358370700576
None 2019-05-15 00:30:22.482097
23843321565300240
None 2019-05-15 00:30:22.865499
23843321565280240
None 2019-05-15 00:30:22.931195
23843321565240240
None 2019-05-15 00:30:23.104035
23843382144850534
None 2019-05-15 00:30:23.202848
23843419701490612
None 2019-05-15 00:30:23.713366
23843546765400616
None 2019-05-15 00:30:23.907817
23843307694520535
None 2019-05-15 00:30:24.295187
23843372439710187
None 2019-05-15 00:40:02.118651
23843180432940316
None 2019-05-15 00:40:03.403363
23843052139470246
None 2019-05-15 00:40:03.482804
23843085681850632
None 2019-05-15 00:40:03.871942
23843355587140564
None 2019-05-15 00:40:09.623951
23843236045380457
None 2019-05-15 00:40:09.625020
23843388429560564
None 2019-05-15 00:40:09.625861
23843165629940756
None 2019-05-15 00:40:09.629292
23843212203370457
None 2019-05-15 00:40:10.520474
23843230044560559
None 2019-05-15 00:40:10.528229
23843223791000175
None 2019-05-15 00:40:10.532223
23843233258000559
None 2019-05-15 00:40:10.536280
23843269222010540
None 2019-05-15 00:40:11.416616
23843277365380540
None 2019-05-15 00:40:11.430876
23843301261480540
None 2019-05-15 00:40:11.431674
23843950299930337
None 2019-05-15 00:40:11.437225
23843965453120337
None 2019-05-15 00:40:12.292587
23843286422270175
None 2019-05-15 00:40:12.306103
23843211040890014
None 2019-05-15 00:40:12.306930
23843352435060457
None 2019-05-15 00:40:12.307832
23843310773940232
None 2019-05-15 00:40:13.221882
23843352435060457
None 2019-05-15 00:40:13.237115
23843417989430316
None 2019-05-15 00:40:13.238033
23843299961870090
None 2019-05-15 00:40:13.241235
23843996683900337
None 2019-05-15 00:40:14.060476
23843417989430316
None 2019-05-15 00:40:14.090727
23843335814370399
None 2019-05-15 00:40:14.094563
23843415140730316
None 2019-05-15 00:40:14.095417
23843338715870399
None 2019-05-15 00:40:14.904347
23843306827810240
None 2019-05-15 00:40:14.924116
23843582099980495
None 2019-05-15 00:40:14.929482
23843420208720408
None 2019-05-15 00:40:14.930260
23843451709300010
None 2019-05-15 00:40:15.603323
23843319164090240
None 2019-05-15 00:40:15.751395
23843358370700576
None 2019-05-15 00:40:15.754467
23843321565300240
None 2019-05-15 00:40:15.958968
23843321565280240
None 2019-05-15 00:40:16.155144
23843321565240240
None 2019-05-15 00:40:16.371505
23843382144850534
None 2019-05-15 00:40:16.421620
23843419701490612
None 2019-05-15 00:40:16.495103
23843546765400616
None 2019-05-15 00:40:16.713453
23843307694520535
None 2019-05-15 00:40:17.036416
23843372439710187
None 2019-05-15 00:50:02.423868
23843180432940316
None 2019-05-15 00:50:04.373664
23843052139470246
None 2019-05-15 00:50:04.395386
23843085681850632
None 2019-05-15 00:50:04.434429
23843355587140564
None 2019-05-15 00:50:11.183835
23843212203370457
None 2019-05-15 00:50:11.184916
23843165629940756
None 2019-05-15 00:50:11.185864
23843388429560564
None 2019-05-15 00:50:11.187027
23843236045380457
None 2019-05-15 00:50:13.141785
23843233258000559
None 2019-05-15 00:50:13.145261
23843230044560559
None 2019-05-15 00:50:13.152370
23843223791000175
None 2019-05-15 00:50:13.153265
23843269222010540
None 2019-05-15 00:50:14.892722
23843277365380540
None 2019-05-15 00:50:14.901259
23843301261480540
None 2019-05-15 00:50:14.904417
23843950299930337
None 2019-05-15 00:50:14.905903
23843965453120337
None 2019-05-15 00:50:16.373422
23843286422270175
None 2019-05-15 00:50:16.388612
23843310773940232
None 2019-05-15 00:50:16.390053
23843352435060457
None 2019-05-15 00:50:16.392082
23843211040890014
None 2019-05-15 00:50:17.761311
23843352435060457
None 2019-05-15 00:50:17.778939
23843299961870090
None 2019-05-15 00:50:17.782859
23843996683900337
None 2019-05-15 00:50:17.783736
23843417989430316
None 2019-05-15 00:50:19.087270
23843417989430316
None 2019-05-15 00:50:19.102144
23843335814370399
None 2019-05-15 00:50:19.102998
23843338715870399
None 2019-05-15 00:50:19.106818
23843415140730316
None 2019-05-15 00:50:20.067244
23843306827810240
None 2019-05-15 00:50:20.068068
23843420208720408
None 2019-05-15 00:50:20.070724
23843582099980495
None 2019-05-15 00:50:20.080589
23843451709300010
None 2019-05-15 00:50:20.903705
23843319164090240
None 2019-05-15 00:50:21.442716
23843358370700576
None 2019-05-15 00:50:21.470889
23843321565300240
None 2019-05-15 00:50:21.545572
23843321565280240
None 2019-05-15 00:50:21.802324
23843321565240240
None 2019-05-15 00:50:22.291218
23843382144850534
None 2019-05-15 00:50:22.307558
23843419701490612
None 2019-05-15 00:50:22.328419
23843546765400616
None 2019-05-15 00:50:22.401832
23843307694520535
None 2019-05-15 00:50:23.168134
23843372439710187
None 2019-05-15 01:00:02.713926
23843180432940316
None 2019-05-15 01:00:04.891494
23843052139470246
None 2019-05-15 01:00:05.136825
23843085681850632
None 2019-05-15 01:00:05.298749
23843355587140564
None 2019-05-15 01:00:11.975137
23843388429560564
None 2019-05-15 01:00:12.021860
23843212203370457
None 2019-05-15 01:00:12.862495
23843165629940756
None 2019-05-15 01:00:13.835866
23843236045380457
None 2019-05-15 01:00:14.346193
23843230044560559
None 2019-05-15 01:00:15.359901
23843233258000559
None 2019-05-15 01:00:15.665791
23843223791000175
None 2019-05-15 01:00:16.416651
23843269222010540
None 2019-05-15 01:00:16.896782
23843277365380540
None 2019-05-15 01:00:17.466854
23843301261480540
None 2019-05-15 01:00:17.684498
23843950299930337
None 2019-05-15 01:00:18.424026
23843965453120337
None 2019-05-15 01:00:18.631821
23843286422270175
None 2019-05-15 01:00:19.394024
23843211040890014
None 2019-05-15 01:00:19.473869
23843310773940232
None 2019-05-15 01:00:20.416192
23843352435060457
None 2019-05-15 01:00:20.479671
23843352435060457
None 2019-05-15 01:00:21.354952
23843996683900337
None 2019-05-15 01:00:21.630348
23843417989430316
None 2019-05-15 01:00:22.234213
23843299961870090
None 2019-05-15 01:00:22.478513
23843417989430316
None 2019-05-15 01:00:23.094748
23843415140730316
None 2019-05-15 01:00:23.325690
23843338715870399
None 2019-05-15 01:00:24.007723
23843335814370399
None 2019-05-15 01:00:24.252166
23843306827810240
None 2019-05-15 01:00:24.792410
23843420208720408
None 2019-05-15 01:00:25.197537
23843582099980495
None 2019-05-15 01:00:25.871436
23843451709300010
None 2019-05-15 01:00:26.321602
23843319164090240
None 2019-05-15 01:00:26.857623
23843358370700576
None 2019-05-15 01:00:27.055443
23843321565300240
None 2019-05-15 01:00:27.845460
23843321565280240
None 2019-05-15 01:00:28.197701
23843321565240240
None 2019-05-15 01:00:28.571898
23843382144850534
None 2019-05-15 01:00:29.048274
23843419701490612
None 2019-05-15 01:00:29.445454
23843546765400616
None 2019-05-15 01:00:29.830504
23843307694520535
None 2019-05-15 01:00:30.409137
23843372439710187
None 2019-05-15 01:10:24.703535
23843052139470246
None 2019-05-15 01:10:24.703832
23843180432940316
None 2019-05-15 01:10:24.704855
23843085681850632
None 2019-05-15 01:10:24.705740
23843355587140564
None 2019-05-15 01:10:30.033435
23843388429560564
None 2019-05-15 01:10:30.045713
23843212203370457
None 2019-05-15 01:10:30.049046
23843165629940756
None 2019-05-15 01:10:30.053793
23843236045380457
None 2019-05-15 01:10:31.525176
23843230044560559
None 2019-05-15 01:10:31.535774
23843233258000559
None 2019-05-15 01:10:31.537534
23843223791000175
None 2019-05-15 01:10:31.542260
23843269222010540
None 2019-05-15 01:10:32.843983
23843277365380540
None 2019-05-15 01:10:32.857188
23843965453120337
None 2019-05-15 01:10:32.858002
23843950299930337
None 2019-05-15 01:10:32.859272
23843301261480540
None 2019-05-15 01:10:33.864322
23843286422270175
None 2019-05-15 01:10:33.891546
23843211040890014
None 2019-05-15 01:10:33.895294
23843352435060457
None 2019-05-15 01:10:33.898540
23843310773940232
None 2019-05-15 01:10:34.787542
23843352435060457
None 2019-05-15 01:10:34.795284
23843996683900337
None 2019-05-15 01:10:34.798109
23843417989430316
None 2019-05-15 01:10:34.802579
23843299961870090
None 2019-05-15 01:10:35.705283
23843417989430316
None 2019-05-15 01:10:35.706196
23843335814370399
None 2019-05-15 01:10:35.707957
23843415140730316
None 2019-05-15 01:10:35.708697
23843338715870399
None 2019-05-15 01:10:36.456267
23843306827810240
None 2019-05-15 01:10:36.477143
23843420208720408
None 2019-05-15 01:10:36.479618
23843582099980495
None 2019-05-15 01:10:36.485254
23843451709300010
None 2019-05-15 01:10:37.127857
23843319164090240
None 2019-05-15 01:10:37.343679
23843358370700576
None 2019-05-15 01:10:37.369576
23843321565300240
None 2019-05-15 01:10:37.499513
23843321565280240
None 2019-05-15 01:10:37.605516
23843321565240240
None 2019-05-15 01:10:37.979198
23843382144850534
None 2019-05-15 01:10:38.016270
23843419701490612
None 2019-05-15 01:10:38.093903
23843546765400616
None 2019-05-15 01:10:38.103136
23843307694520535
None 2019-05-15 01:10:38.550553
23843372439710187
None 2019-05-15 01:20:01.990212
23843180432940316
None 2019-05-15 01:20:02.234404
23843052139470246
None 2019-05-15 01:20:02.286147
23843085681850632
None 2019-05-15 01:20:02.331863
23843355587140564
None 2019-05-15 01:20:12.990649
23843388429560564
None 2019-05-15 01:20:12.992046
23843236045380457
None 2019-05-15 01:20:12.992830
23843212203370457
None 2019-05-15 01:20:12.995835
23843165629940756
None 2019-05-15 01:20:15.728336
23843230044560559
None 2019-05-15 01:20:15.739276
23843233258000559
None 2019-05-15 01:20:15.872573
23843223791000175
None 2019-05-15 01:20:15.911620
23843269222010540
None 2019-05-15 01:20:17.907361
23843277365380540
None 2019-05-15 01:20:17.908267
23843965453120337
None 2019-05-15 01:20:17.909132
23843301261480540
None 2019-05-15 01:20:17.909986
23843950299930337
None 2019-05-15 01:20:19.196078
23843286422270175
None 2019-05-15 01:20:19.318162
23843211040890014
None 2019-05-15 01:20:19.324489
23843310773940232
None 2019-05-15 01:20:19.326720
23843352435060457
None 2019-05-15 01:20:20.512194
23843352435060457
None 2019-05-15 01:20:20.544369
23843417989430316
None 2019-05-15 01:20:20.545390
23843996683900337
None 2019-05-15 01:20:20.546157
23843299961870090
None 2019-05-15 01:20:21.765262
23843417989430316
None 2019-05-15 01:20:21.780094
23843338715870399
None 2019-05-15 01:20:21.781417
23843335814370399
None 2019-05-15 01:20:21.784145
23843415140730316
None 2019-05-15 01:20:22.985711
23843306827810240
None 2019-05-15 01:20:22.989622
23843451709300010
None 2019-05-15 01:20:22.991669
23843420208720408
None 2019-05-15 01:20:22.992904
23843582099980495
None 2019-05-15 01:20:24.069830
23843319164090240
None 2019-05-15 01:20:24.275389
23843321565300240
None 2019-05-15 01:20:24.278758
23843358370700576
None 2019-05-15 01:20:24.601058
23843321565280240
None 2019-05-15 01:20:25.717155
23843321565240240
None 2019-05-15 01:20:25.720910
23843382144850534
None 2019-05-15 01:20:25.727248
23843546765400616
None 2019-05-15 01:20:25.728678
23843419701490612
None 2019-05-15 01:20:26.839959
23843307694520535
None 2019-05-15 01:20:26.895291
23843372439710187
None 2019-05-15 01:30:50.971752
23843052139470246
None 2019-05-15 01:30:50.948329
23843180432940316
None 2019-05-15 01:30:51.052310
23843085681850632
None 2019-05-15 01:30:51.156060
23843355587140564
None 2019-05-15 01:30:51.157089
23843388429560564
None 2019-05-15 01:30:51.157895
23843212203370457
None 2019-05-15 01:30:51.176561
23843165629940756
None 2019-05-15 01:30:51.177350
23843236045380457
None 2019-05-15 01:31:03.255435
23843230044560559
None 2019-05-15 01:31:04.008294
23843233258000559
None 2019-05-15 01:31:04.767539
23843223791000175
None 2019-05-15 01:31:06.176421
23843269222010540
None 2019-05-15 01:31:28.565050
23843301261480540
None 2019-05-15 01:31:28.565889
23843277365380540
None 2019-05-15 01:31:29.160336
23843950299930337
None 2019-05-15 01:31:30.242016
23843965453120337
None 2019-05-15 01:31:37.244437
23843286422270175
None 2019-05-15 01:31:37.305097
23843211040890014
None 2019-05-15 01:31:37.796254
23843310773940232
None 2019-05-15 01:31:38.795998
23843352435060457
None 2019-05-15 01:31:43.666815
23843352435060457
None 2019-05-15 01:31:43.667639
23843996683900337
None 2019-05-15 01:31:44.196864
23843417989430316
None 2019-05-15 01:31:45.239313
23843299961870090
None 2019-05-15 01:31:48.385881
23843417989430316
None 2019-05-15 01:31:48.713952
23843415140730316
None 2019-05-15 01:31:49.365849
23843338715870399
None 2019-05-15 01:31:50.183660
23843335814370399
None 2019-05-15 01:31:52.209814
23843306827810240
None 2019-05-15 01:31:52.760820
23843420208720408
None 2019-05-15 01:31:54.195424
23843582099980495
None 2019-05-15 01:31:54.993155
23843451709300010
None 2019-05-15 01:31:56.464028
23843319164090240
None 2019-05-15 01:31:57.387735
23843358370700576
None 2019-05-15 01:31:58.716700
23843321565300240
None 2019-05-15 01:31:59.452583
23843321565280240
None 2019-05-15 01:31:59.983838
23843321565240240
None 2019-05-15 01:32:01.249162
23843382144850534
None 2019-05-15 01:32:02.801742
23843419701490612
None 2019-05-15 01:32:03.494917
23843546765400616
None 2019-05-15 01:32:04.540319
23843307694520535
None 2019-05-15 01:32:04.888873
23843372439710187
None 2019-05-15 01:40:02.816362
23843180432940316
None 2019-05-15 01:40:02.840672
23843052139470246
None 2019-05-15 01:40:02.962296
23843085681850632
None 2019-05-15 01:40:03.699831
23843355587140564
None 2019-05-15 01:40:11.856471
23843388429560564
None 2019-05-15 01:40:11.874924
23843165629940756
None 2019-05-15 01:40:11.882808
23843212203370457
None 2019-05-15 01:40:11.888886
23843236045380457
None 2019-05-15 01:40:14.459687
23843230044560559
None 2019-05-15 01:40:14.467066
23843233258000559
None 2019-05-15 01:40:14.478358
23843269222010540
None 2019-05-15 01:40:14.480173
23843223791000175
None 2019-05-15 01:40:15.854607
23843301261480540
None 2019-05-15 01:40:15.855443
23843277365380540
None 2019-05-15 01:40:15.863590
23843965453120337
None 2019-05-15 01:40:15.869381
23843950299930337
None 2019-05-15 01:40:17.124710
23843211040890014
None 2019-05-15 01:40:17.126296
23843352435060457
None 2019-05-15 01:40:17.127892
23843310773940232
None 2019-05-15 01:40:17.130738
23843286422270175
None 2019-05-15 01:40:18.214047
23843352435060457
None 2019-05-15 01:40:18.214860
23843996683900337
None 2019-05-15 01:40:18.221156
23843417989430316
None 2019-05-15 01:40:18.224794
23843299961870090
None 2019-05-15 01:40:19.258296
23843417989430316
None 2019-05-15 01:40:19.282926
23843415140730316
None 2019-05-15 01:40:19.294931
23843335814370399
None 2019-05-15 01:40:19.297501
23843338715870399
None 2019-05-15 01:40:20.270077
23843306827810240
None 2019-05-15 01:40:20.276978
23843582099980495
None 2019-05-15 01:40:20.279421
23843420208720408
None 2019-05-15 01:40:20.288126
23843451709300010
None 2019-05-15 01:40:21.123973
23843319164090240
None 2019-05-15 01:40:21.341625
23843358370700576
None 2019-05-15 01:40:21.349527
23843321565300240
None 2019-05-15 01:40:21.621141
23843321565280240
None 2019-05-15 01:40:21.799565
23843321565240240
None 2019-05-15 01:40:22.254861
23843382144850534
None 2019-05-15 01:40:22.269049
23843419701490612
None 2019-05-15 01:40:22.341234
23843546765400616
None 2019-05-15 01:40:22.546320
23843307694520535
None 2019-05-15 01:40:23.145355
23843372439710187
None 2019-05-15 01:50:03.499265
23843180432940316
None 2019-05-15 01:50:03.560680
23843052139470246
None 2019-05-15 01:50:03.582634
23843085681850632
None 2019-05-15 01:50:04.833178
23843355587140564
None 2019-05-15 01:50:11.396488
23843165629940756
None 2019-05-15 01:50:11.397423
23843236045380457
None 2019-05-15 01:50:11.398258
23843212203370457
None 2019-05-15 01:50:11.401684
23843388429560564
None 2019-05-15 01:50:13.467564
23843230044560559
None 2019-05-15 01:50:13.483257
23843233258000559
None 2019-05-15 01:50:13.485461
23843269222010540
None 2019-05-15 01:50:13.489605
23843223791000175
None 2019-05-15 01:50:15.422630
23843277365380540
None 2019-05-15 01:50:15.433182
23843965453120337
None 2019-05-15 01:50:15.434704
23843301261480540
None 2019-05-15 01:50:15.437959
23843950299930337
None 2019-05-15 01:50:17.054917
23843286422270175
None 2019-05-15 01:50:17.058041
23843211040890014
None 2019-05-15 01:50:17.065849
23843352435060457
None 2019-05-15 01:50:17.070302
23843310773940232
None 2019-05-15 01:50:18.421991
23843996683900337
None 2019-05-15 01:50:18.425673
23843352435060457
None 2019-05-15 01:50:18.433109
23843299961870090
None 2019-05-15 01:50:18.435059
23843417989430316
None 2019-05-15 01:50:19.606924
23843417989430316
None 2019-05-15 01:50:19.618616
23843415140730316
None 2019-05-15 01:50:19.625676
23843338715870399
None 2019-05-15 01:50:19.628189
23843335814370399
None 2019-05-15 01:50:20.738942
23843306827810240
None 2019-05-15 01:50:20.756886
23843582099980495
None 2019-05-15 01:50:20.758457
23843420208720408
None 2019-05-15 01:50:20.759990
23843451709300010
None 2019-05-15 01:50:21.773836
23843319164090240
None 2019-05-15 01:50:21.991136
23843358370700576
None 2019-05-15 01:50:22.011729
23843321565300240
None 2019-05-15 01:50:22.325308
23843321565280240
None 2019-05-15 01:50:22.379078
23843321565240240
None 2019-05-15 01:50:22.822331
23843382144850534
None 2019-05-15 01:50:22.840322
23843419701490612
None 2019-05-15 01:50:23.234863
23843546765400616
None 2019-05-15 01:50:23.289111
23843307694520535
None 2019-05-15 01:50:23.701624
23843372439710187
None 2019-05-15 02:00:46.842866
23843180432940316
None 2019-05-15 02:00:46.878706
23843052139470246
None 2019-05-15 02:00:46.878967
23843085681850632
None 2019-05-15 02:00:46.879951
23843355587140564
None 2019-05-15 02:00:46.880814
23843388429560564
None 2019-05-15 02:00:46.881605
23843212203370457
None 2019-05-15 02:00:46.884643
23843165629940756
None 2019-05-15 02:00:46.940154
23843236045380457
None 2019-05-15 02:01:05.920821
23843230044560559
None 2019-05-15 02:01:06.699089
23843233258000559
None 2019-05-15 02:01:07.578581
23843223791000175
None 2019-05-15 02:01:08.685139
23843269222010540
None 2019-05-15 02:01:26.176535
23843277365380540
None 2019-05-15 02:01:26.423789
23843301261480540
None 2019-05-15 02:01:27.651571
23843950299930337
None 2019-05-15 02:01:29.041179
23843965453120337
None 2019-05-15 02:01:36.783126
23843286422270175
None 2019-05-15 02:01:37.025995
23843211040890014
None 2019-05-15 02:01:37.516446
23843310773940232
None 2019-05-15 02:01:38.905498
23843352435060457
None 2019-05-15 02:01:43.471600
23843352435060457
None 2019-05-15 02:01:43.713985
23843996683900337
None 2019-05-15 02:01:43.778857
23843417989430316
None 2019-05-15 02:01:43.780244
23843299961870090
None 2019-05-15 02:01:47.397411
23843417989430316
None 2019-05-15 02:01:47.765872
23843415140730316
None 2019-05-15 02:01:47.887696
23843338715870399
None 2019-05-15 02:01:48.892682
23843335814370399
None 2019-05-15 02:01:50.711657
23843306827810240
None 2019-05-15 02:01:51.797659
23843420208720408
None 2019-05-15 02:01:52.125798
23843582099980495
None 2019-05-15 02:01:53.131898
23843451709300010
None 2019-05-15 02:01:53.661546
23843319164090240
None 2019-05-15 02:01:56.015510
23843358370700576
None 2019-05-15 02:01:58.040936
23843321565300240
None 2019-05-15 02:01:58.202955
23843321565280240
None 2019-05-15 02:01:59.309201
23843321565240240
None 2019-05-15 02:01:59.390204
23843382144850534
None 2019-05-15 02:02:01.857804
23843419701490612
None 2019-05-15 02:02:02.446026
23843546765400616
None 2019-05-15 02:02:03.491721
23843307694520535
None 2019-05-15 02:02:03.734840
23843372439710187
None 2019-05-15 02:10:02.566440
23843180432940316
None 2019-05-15 02:10:04.734994
23843052139470246
None 2019-05-15 02:10:04.755727
23843085681850632
None 2019-05-15 02:10:05.229897
23843355587140564
None 2019-05-15 02:10:12.466253
23843236045380457
None 2019-05-15 02:10:12.467256
23843212203370457
None 2019-05-15 02:10:12.468138
23843388429560564
None 2019-05-15 02:10:12.473468
23843165629940756
None 2019-05-15 02:10:15.303528
23843223791000175
None 2019-05-15 02:10:15.306515
23843233258000559
None 2019-05-15 02:10:15.309068
23843230044560559
None 2019-05-15 02:10:15.312008
23843269222010540
None 2019-05-15 02:10:17.589361
23843277365380540
None 2019-05-15 02:10:17.597191
23843950299930337
None 2019-05-15 02:10:17.597966
23843301261480540
None 2019-05-15 02:10:17.603064
23843965453120337
None 2019-05-15 02:10:19.043113
23843286422270175
None 2019-05-15 02:10:19.055785
23843310773940232
None 2019-05-15 02:10:19.058701
23843211040890014
None 2019-05-15 02:10:19.061901
23843352435060457
None 2019-05-15 02:10:20.264448
23843352435060457
None 2019-05-15 02:10:20.269154
23843996683900337
None 2019-05-15 02:10:20.276627
23843417989430316
None 2019-05-15 02:10:20.280057
23843299961870090
None 2019-05-15 02:10:21.333893
23843417989430316
None 2019-05-15 02:10:21.343416
23843415140730316
None 2019-05-15 02:10:21.347643
23843338715870399
None 2019-05-15 02:10:21.349181
23843335814370399
None 2019-05-15 02:10:22.197578
23843306827810240
None 2019-05-15 02:10:22.210902
23843420208720408
None 2019-05-15 02:10:22.217651
23843582099980495
None 2019-05-15 02:10:22.223948
23843451709300010
None 2019-05-15 02:10:22.969605
23843319164090240
None 2019-05-15 02:10:23.241538
23843358370700576
None 2019-05-15 02:10:23.251538
23843321565300240
None 2019-05-15 02:10:23.582830
23843321565280240
None 2019-05-15 02:10:23.605988
23843321565240240
None 2019-05-15 02:10:23.942295
23843382144850534
None 2019-05-15 02:10:23.960634
23843419701490612
None 2019-05-15 02:10:24.301991
23843546765400616
None 2019-05-15 02:10:24.325948
23843307694520535
None 2019-05-15 02:10:24.645995
23843372439710187
None 2019-05-15 02:20:45.705277
23843085681850632
None 2019-05-15 02:20:45.706201
23843180432940316
None 2019-05-15 02:20:45.709435
23843052139470246
None 2019-05-15 02:21:00.205089
23843388429560564
None 2019-05-15 02:21:08.309556
23843355587140564
None 2019-05-15 02:21:48.717894
None 2019-05-15 02:21:48.735226
23843223791000175
None 2019-05-15 02:21:48.736447
23843233258000559
23843269222010540
None 2019-05-15 02:21:48.796122
23843277365380540
None 2019-05-15 02:21:48.919299
23843301261480540
None 2019-05-15 02:21:48.920242
23843950299930337None 2019-05-15 02:21:48.940084
23843965453120337

None 2019-05-15 02:22:34.174867
23843286422270175
None 2019-05-15 02:22:57.626379
23843310773940232
None 2019-05-15 02:23:06.789318
23843211040890014
None 2019-05-15 02:23:45.468264
23843352435060457
None 2019-05-15 02:23:47.554804
23843352435060457
None 2019-05-15 02:23:47.756274
23843417989430316
None 2019-05-15 02:23:47.821885
23843996683900337
None 2019-05-15 02:23:47.903680
23843299961870090
None 2019-05-15 02:23:48.270829
23843417989430316
None 2019-05-15 02:23:48.622181
23843415140730316
None 2019-05-15 02:23:49.681309
23843338715870399
None 2019-05-15 02:23:51.909605
23843335814370399
None 2019-05-15 02:23:52.565666
23843306827810240
None 2019-05-15 02:23:53.181263
23843420208720408
None 2019-05-15 02:23:53.405675
23843582099980495
None 2019-05-15 02:23:53.450303
23843451709300010
None 2019-05-15 02:24:03.108158
23843319164090240
None 2019-05-15 02:24:04.256717
23843358370700576
None 2019-05-15 02:24:04.704239
23843321565300240
None 2019-05-15 02:24:05.401794
23843321565280240
None 2019-05-15 02:24:31.427406
23843321565240240
None 2019-05-15 02:24:31.508202
23843382144850534
None 2019-05-15 02:24:31.674582
23843419701490612
None 2019-05-15 02:24:31.694607
23843546765400616
None 2019-05-15 02:24:39.980013
23843307694520535
None 2019-05-15 02:24:40.157813
23843372439710187
None 2019-05-15 02:30:04.948172
23843180432940316
None 2019-05-15 02:30:05.048702
23843052139470246
None 2019-05-15 02:30:05.578443
23843085681850632
None 2019-05-15 02:30:06.235832
23843355587140564
None 2019-05-15 02:30:12.096613
23843388429560564
None 2019-05-15 02:30:12.115365
23843212203370457
None 2019-05-15 02:30:12.900501
23843165629940756
None 2019-05-15 02:30:13.653743
23843236045380457
None 2019-05-15 02:30:14.256825
23843230044560559
None 2019-05-15 02:30:14.937464
23843233258000559
None 2019-05-15 02:30:15.696125
23843223791000175
None 2019-05-15 02:30:15.763558
23843269222010540
None 2019-05-15 02:30:17.127309
23843277365380540
None 2019-05-15 02:30:17.144956
23843301261480540
None 2019-05-15 02:30:18.014437
23843950299930337
None 2019-05-15 02:30:18.581964
23843965453120337
None 2019-05-15 02:30:18.762784
23843286422270175
None 2019-05-15 02:30:19.591458
23843211040890014
None 2019-05-15 02:30:19.824664
23843310773940232
None 2019-05-15 02:30:20.418796
23843352435060457
None 2019-05-15 02:30:20.703302
23843352435060457
None 2019-05-15 02:30:20.847420
23843996683900337
None 2019-05-15 02:30:21.430558
23843417989430316
None 2019-05-15 02:30:21.875616
23843299961870090
None 2019-05-15 02:30:22.270512
23843417989430316
None 2019-05-15 02:30:22.985137
23843415140730316
None 2019-05-15 02:30:23.166607
23843338715870399
None 2019-05-15 02:30:24.036391
23843335814370399
None 2019-05-15 02:30:24.102382
23843306827810240
None 2019-05-15 02:30:24.947405
23843420208720408
None 2019-05-15 02:30:25.094690
23843582099980495
None 2019-05-15 02:30:25.856936
23843451709300010
None 2019-05-15 02:30:26.442590
23843319164090240
None 2019-05-15 02:30:26.735229
23843358370700576
None 2019-05-15 02:30:27.342384
23843321565300240
None 2019-05-15 02:30:27.513927
23843321565280240
None 2019-05-15 02:30:27.876227
23843321565240240
None 2019-05-15 02:30:28.237962
23843382144850534
None 2019-05-15 02:30:28.377282
23843419701490612
None 2019-05-15 02:30:28.789052
23843546765400616
None 2019-05-15 02:30:29.079967
23843307694520535
None 2019-05-15 02:30:29.519538
23843372439710187
None 2019-05-15 02:40:02.979463
23843180432940316
None 2019-05-15 02:40:03.039754
23843052139470246
None 2019-05-15 02:40:03.367963
23843085681850632
None 2019-05-15 02:40:03.493083
23843355587140564
None 2019-05-15 02:40:10.546506
23843388429560564
None 2019-05-15 02:40:10.555112
23843212203370457
None 2019-05-15 02:40:10.559249
23843236045380457
None 2019-05-15 02:40:10.562203
23843165629940756
None 2019-05-15 02:40:12.039766
23843230044560559
None 2019-05-15 02:40:12.058439
23843269222010540
None 2019-05-15 02:40:12.059365
23843233258000559
None 2019-05-15 02:40:12.062679
23843223791000175
None 2019-05-15 02:40:13.349455
23843277365380540
None 2019-05-15 02:40:13.361944
23843965453120337
None 2019-05-15 02:40:13.362947
23843301261480540
None 2019-05-15 02:40:13.363685
23843950299930337
None 2019-05-15 02:40:14.547743
23843211040890014
None 2019-05-15 02:40:14.549485
23843286422270175
None 2019-05-15 02:40:14.556651
23843352435060457
None 2019-05-15 02:40:14.557900
23843310773940232
None 2019-05-15 02:40:15.635426
23843417989430316
None 2019-05-15 02:40:15.639508
23843996683900337
None 2019-05-15 02:40:15.640185
23843299961870090
None 2019-05-15 02:40:15.642326
23843352435060457
None 2019-05-15 02:40:16.490764
23843417989430316
None 2019-05-15 02:40:16.510532
23843415140730316
None 2019-05-15 02:40:16.517998
23843335814370399
None 2019-05-15 02:40:16.519670
23843338715870399
None 2019-05-15 02:40:17.351042
23843306827810240
None 2019-05-15 02:40:17.357211
23843420208720408
None 2019-05-15 02:40:17.365100
23843451709300010
None 2019-05-15 02:40:17.366267
23843582099980495
None 2019-05-15 02:40:18.059063
23843319164090240
None 2019-05-15 02:40:18.279283
23843358370700576
None 2019-05-15 02:40:18.284268
23843321565300240
None 2019-05-15 02:40:18.596593
23843321565280240
None 2019-05-15 02:40:18.664971
23843321565240240
None 2019-05-15 02:40:18.975889
23843382144850534
None 2019-05-15 02:40:18.985673
23843419701490612
None 2019-05-15 02:40:19.318845
23843546765400616
None 2019-05-15 02:40:19.325390
23843307694520535
None 2019-05-15 02:40:19.667265
23843372439710187
None 2019-05-15 02:52:57.047014
23843085681850632
None 2019-05-15 02:52:57.048212
23843052139470246
None 2019-05-15 02:52:57.087674
23843355587140564
None 2019-05-15 02:52:57.088088
23843180432940316
None 2019-05-15 02:52:57.126890
23843165629940756
None 2019-05-15 02:52:57.127789
23843236045380457
None 2019-05-15 02:52:57.128865
23843230044560559
None 2019-05-15 02:52:57.129675
23843233258000559
None 2019-05-15 02:52:57.167555
23843223791000175
None 2019-05-15 02:52:57.168811
23843269222010540
None 2019-05-15 02:52:57.169821
23843277365380540
None 2019-05-15 02:52:57.170651
23843301261480540
None 2019-05-15 02:52:57.209300
23843950299930337
None 2019-05-15 02:52:57.211282
23843965453120337
None 2019-05-15 02:52:57.249085
23843211040890014
None 2019-05-15 02:53:04.290165
23843417989430316
None 2019-05-15 02:53:04.328136
23843415140730316
None 2019-05-15 02:53:04.900447
23843338715870399
None 2019-05-15 02:53:04.901345
23843335814370399
None 2019-05-15 02:53:13.313879
23843286422270175
None 2019-05-15 02:53:34.460180
23843306827810240
None 2019-05-15 02:53:34.462018
23843420208720408
None 2019-05-15 02:53:35.016616
23843582099980495
None 2019-05-15 02:53:35.036778
23843451709300010
None 2019-05-15 02:53:46.930370
23843319164090240
None 2019-05-15 02:53:46.932625
23843358370700576
None 2019-05-15 02:53:47.137363
23843321565300240
None 2019-05-15 02:53:47.526379
23843321565280240
None 2019-05-15 02:53:50.691021
23843321565240240
None 2019-05-15 02:53:50.731504
23843382144850534
None 2019-05-15 02:53:50.938173
23843419701490612
None 2019-05-15 02:53:52.019633
23843546765400616
None 2019-05-15 02:53:53.287663
23843307694520535
None 2019-05-15 02:53:54.541659
23843372439710187
None 2019-05-15 03:00:03.118210
23843180432940316
None 2019-05-15 03:00:03.178801
23843052139470246
None 2019-05-15 03:00:51.741514
23843355587140564
None 2019-05-15 03:00:51.860638
23843085681850632
None 2019-05-15 03:01:02.346580
23843212203370457
None 2019-05-15 03:01:02.570517
23843165629940756
None 2019-05-15 03:01:02.819263
None 2019-05-15 03:01:03.023705
23843230044560559
23843236045380457
None 2019-05-15 03:01:08.234361
23843233258000559
None 2019-05-15 03:01:11.690226
23843223791000175
None 2019-05-15 03:01:11.980457
23843269222010540
None 2019-05-15 03:02:15.523559
23843277365380540
None 2019-05-15 03:03:43.151412
23843301261480540
None 2019-05-15 03:03:43.480327
23843286422270175
None 2019-05-15 03:03:43.583217
23843211040890014
None 2019-05-15 03:03:43.668296
23843310773940232
None 2019-05-15 03:03:43.931383
23843352435060457
None 2019-05-15 03:03:45.627773
23843352435060457
None 2019-05-15 03:03:47.411115
23843996683900337