[campaign_id] 23843301261480540 [achieving rate] 0.0 0 88.0
Series([], Name: adset_id, dtype: int64)
Series([], Name: adset_id, dtype: int64)
[campaign_id] 23843301261480540 [achieving rate] 0.0 0 88.0
Series([], Name: adset_id, dtype: int64)
Series([], Name: adset_id, dtype: int64)
[campaign_id] 23843301261480540 [achieving rate] 0.0 0 88.0
Series([], Name: adset_id, dtype: int64)
Series([], Name: adset_id, dtype: int64)
[campaign_id] 23843950299930337 [achieving rate] 0.0 0 21.8
['23843968036690337', '23843965893650337', '23843964092210337']
[campaign_id] 23843950299930337 [achieving rate] 0.0 0 54.5
['23843986830580337', '23843986717420337', '23843968036690337', '23843965893650337']
[campaign_id] 23843950299930337 [achieving rate] 0.0 0 109.0
['23843986830580337', '23843986717420337', '23843968036690337', '23843965893650337']
[facebook_datacollector.Campaigns.get_campaign_insights] 'NoneType' object is not iterable
[campaign_id] 23843286422270175 [achieving rate] 0.0 0 333.333
['23843291336090175', '23843291335690175', '23843291335180175', '23843291334720175', '23843291334370175', '23843291333910175']
[campaign_id] 23843286422270175 [achieving rate] 0.0 0 140.143
['23843291336090175', '23843291335690175', '23843291335180175', '23843291334720175', '23843291334370175', '23843291333910175']
['23843291336090175', '23843291335690175', '23843291335180175', '23843291334720175', '23843291334370175', '23843291333910175']
['23843291336090175', '23843291335690175', '23843291335180175', '23843291334720175', '23843291334370175', '23843291333910175']
['23843291336090175', '23843291335690175', '23843291335180175', '23843291334720175', '23843291334370175', '23843291333910175']
['23843291336090175', '23843291335690175', '23843291335180175', '23843291334720175', '23843291334370175', '23843291333910175']
['23843291336090175', '23843291335690175', '23843291335180175', '23843291334720175', '23843291334370175', '23843291333910175']
[facebook_datacollector.Campaigns.get_campaign_insights] 'NoneType' object is not iterable
[campaign_id] 23843286422270175 [achieving rate] 0.0 0 159.923
['23843299732030175', '23843299731520175', '23843299730750175', '23843299728770175', '23843299722680175', '23843299722130175', '23843291336090175', '23843291335690175', '23843291335180175']
['23843299732030175', '23843299731520175', '23843299730750175', '23843299728770175', '23843299722680175', '23843299722130175', '23843291336090175', '23843291335690175', '23843291335180175']
['23843299732030175', '23843299731520175', '23843299730750175', '23843299728770175', '23843299722680175', '23843299722130175', '23843291336090175', '23843291335690175', '23843291335180175']
['23843299732030175', '23843299731520175', '23843299730750175', '23843299728770175', '23843299722680175', '23843299722130175', '23843291336090175', '23843291335690175', '23843291335180175']
['23843299732030175', '23843299731520175', '23843299730750175', '23843299728770175', '23843299722680175', '23843299722130175', '23843291336090175', '23843291335690175', '23843291335180175']
['23843299732030175', '23843299731520175', '23843299730750175', '23843299728770175', '23843299722680175', '23843299722130175', '23843291336090175', '23843291335690175', '23843291335180175']
['23843299732030175', '23843299731520175', '23843299730750175', '23843299728770175', '23843299722680175', '23843299722130175', '23843291336090175', '23843291335690175', '23843291335180175']
['23843299732030175', '23843299731520175', '23843299730750175', '23843299728770175', '23843299722680175', '23843299722130175', '23843291336090175', '23843291335690175', '23843291335180175']
['23843299732030175', '23843299731520175', '23843299730750175', '23843299728770175', '23843299722680175', '23843299722130175', '23843291336090175', '23843291335690175', '23843291335180175']
[facebook_datacollector.Campaigns.get_campaign_insights] 'NoneType' object is not iterable
[campaign_id] 23843310773940232 [achieving rate] 0.0 0 36.3333
['23843310773980232', '23843310773970232']
[campaign_id] 23843310773940232 [achieving rate] 0.23853211009174313 13 54.5
['23843331560850232', '23843331555140232', '23843310773980232']
[campaign_id] 23843310773940232 [achieving rate] 0.04938271604938271 4 81.0
['23843334688230232', '23843334687510232', '23843334686920232', '23843331560850232']
[campaign_id] 23843286422270175 [achieving rate] 0.3246753246753247 75 231.0
[campaign_id] 23843286422270175 [achieving rate] 0.46176046176046176 120 259.875
[campaign_id] 23843286422270175 [achieving rate] 0.2962962962962963 88 297.0
[campaign_id] 23843286422270175 [achieving rate] 0.4675324675324675 162 346.5
[campaign_id] 23843286422270175 [achieving rate] 0.2982202982202982 124 415.8
[campaign_id] 23843286422270175 [achieving rate] 0.32515632515632514 169 519.75
[campaign_id] 23843286422270175 [achieving rate] 0.23376623376623376 162 693.0
[campaign_id] 23843286422270175 [achieving rate] 0.10197210197210198 106 1039.5
[campaign_id] 23843286422270175 [achieving rate] 0.06445406445406446 134 2079.0
2019-04-09
[campaign_id] 23843417989430316 [achieving rate] 0.45115367263320283 391 866.667
['23843432536000316', '23843432535750316', '23843432535430316', '23843432534680316', '23843432534370316', '23843432534090316', '23843432533860316', '23843432510960316', '23843432510000316', '23843432507300316', '23843432506580316']
2019-04-10
[campaign_id] 23843417989430316 [achieving rate] 0.3250625120215426 338 1039.8
['23843433917300316', '23843433916430316', '23843433916160316', '23843433915850316', '23843433915500316', '23843433915010316', '23843433909490316', '23843433909200316', '23843433908830316', '23843433908580316', '23843433908090316', '23843432536000316', '23843432535750316', '23843432535430316', '23843432534680316', '23843432534370316']
