campaign_id: 23843950299930337
Generation 0: optimal function value is: -0.990384; average function value is -0.981762
Generation 1: optimal function value is: 103.988020; average function value is 63.268586
Generation 2: optimal function value is: 103.988020; average function value is 67.456903
Optimal function value is: 103.988020; 
Optimal solution is:
m1--m2--m3--m4--m5--m6--mspend--mbid
[7.74099425 9.54814697 9.5112441  8.3521656  8.88988133 5.67788377
 9.88876227 7.68361387]
[[-2.2051484]]
[[-2.2051484]]
[[-2.2051484]]
[[-2.2051484]]
[[-2.2051484]]
[[-2.2051484]]
[[-2.2051484]]
[[-2.2051484]]
[[-2.2051484]]
optimal_weight: [7.74099425 9.54814697 9.5112441  8.3521656  8.88988133 5.67788377
 9.88876227 7.68361387]
0:00:27.824002
campaign_id: 23843965453120337
Generation 0: optimal function value is: -0.977798; average function value is -0.959506
Generation 1: optimal function value is: 45.039999; average function value is 26.727411
Generation 2: optimal function value is: 45.039999; average function value is 27.925739
Optimal function value is: 45.039999; 
Optimal solution is:
m1--m2--m3--m4--m5--m6--mspend--mbid
[5.59886006 9.99718844 2.11405636 9.89390928 7.57489095 0.03116477
 9.69153542 9.32503547]
[[-0.36649994]]
[[-0.36649994]]
[[-0.36649994]]
[[-0.36649994]]
[[-0.36649994]]
[[-0.36649994]]
[[-0.36649994]]
[[-0.36649994]]
[[-0.36649994]]
optimal_weight: [5.59886006 9.99718844 2.11405636 9.89390928 7.57489095 0.03116477
 9.69153542 9.32503547]
0:00:51.922064
campaign_id: 23843286422270175
Generation 0: optimal function value is: -0.900175; average function value is -0.714133
Generation 1: optimal function value is: 10.017522; average function value is 5.758683
Generation 2: optimal function value is: 10.017522; average function value is 6.172605
Optimal function value is: 10.017522; 
Optimal solution is:
m1--m2--m3--m4--m5--m6--mspend--mbid
[7.84728221 0.79634007 3.51883245 5.52806027 1.8742109  8.75991887
 0.54504943 9.98458135]
[[9.43953191]]
[[9.43953191]]
[[9.43953191]]
[[9.43953191]]
[[9.43953191]]
[[9.43953191]]
optimal_weight: [7.84728221 0.79634007 3.51883245 5.52806027 1.8742109  8.75991887
 0.54504943 9.98458135]
0:01:15.956868
0:01:15.956884
campaign_id: 23843950299930337
Generation 0: optimal function value is: -0.990183; average function value is -0.981767
Generation 1: optimal function value is: 101.869195; average function value is 63.617906
Generation 2: optimal function value is: 101.869195; average function value is 68.344663
Optimal function value is: 101.869195; 
Optimal solution is:
m1--m2--m3--m4--m5--m6--mspend--mbid
[4.92786244 9.0550026  6.07890008 9.98617389 8.31843419 0.37100444
 9.8474995  6.84656548]
[[-3.00093401]]
[[-3.00093401]]
[[-3.00093401]]
[[-3.00093401]]
[[-3.00093401]]
[[-3.00093401]]
optimal_weight: [4.92786244 9.0550026  6.07890008 9.98617389 8.31843419 0.37100444
 9.8474995  6.84656548]
0:00:26.994749
campaign_id: 23843965453120337
Generation 0: optimal function value is: -0.981116; average function value is -0.966280
Generation 1: optimal function value is: 52.955429; average function value is 32.693775
Generation 2: optimal function value is: 52.955429; average function value is 34.336550
Optimal function value is: 52.955429; 
Optimal solution is:
m1--m2--m3--m4--m5--m6--mspend--mbid
[9.09494533 9.82745374 0.27769631 8.48166415 7.72516674 6.84742716
 9.80281437 7.48553561]
[[28.51549977]]
[[-2.30355482]]
[[7.29542896]]
[[7.94948493]]
[[18.10749501]]
[[7.69651731]]
[[-2.31727876]]
[[-2.31727876]]
[[-2.31727876]]
optimal_weight: [9.09494533 9.82745374 0.27769631 8.48166415 7.72516674 6.84742716
 9.80281437 7.48553561]
0:00:51.335111
campaign_id: 23843286422270175
Generation 0: optimal function value is: -0.940926; average function value is -0.883260
Generation 1: optimal function value is: 16.927940; average function value is 9.973544
Generation 2: optimal function value is: 16.927940; average function value is 10.760518
Optimal function value is: 16.927940; 
Optimal solution is:
m1--m2--m3--m4--m5--m6--mspend--mbid
[0.96548596 9.26866075 3.63158913 6.99177707 7.10508806 7.99614102
 9.96599744 9.66479466]
[[0.27045072]]
[[0.18559202]]
[[0.23148913]]
[[0.29695596]]
[[-0.29920958]]
[]
campaign_id: 23843950299930337
Generation 0: optimal function value is: -0.989164; average function value is -0.980155
Generation 1: optimal function value is: 92.281724; average function value is 58.208678
Generation 2: optimal function value is: 92.281724; average function value is 61.525844
Optimal function value is: 92.281724; 
Optimal solution is:
m1--m2--m3--m4--m5--m6--mspend--mbid
[9.16346684 7.5866322  4.35223147 6.47082641 8.84788581 4.02394195
 9.8629211  8.91406654]
[[-0.94885456]]
[[-0.94885456]]
[[-0.94885456]]
[[-0.94885456]]
[[-0.94885456]]
[[-0.94885456]]
[[-0.94885456]]
[[-0.94885456]]
optimal_weight: [9.16346684 7.5866322  4.35223147 6.47082641 8.84788581 4.02394195
 9.8629211  8.91406654]
0:00:26.760484
campaign_id: 23843286422270175
Generation 0: optimal function value is: -0.863104; average function value is -0.733174
Generation 1: optimal function value is: 7.304828; average function value is 4.897692
Generation 2: optimal function value is: 7.304828; average function value is 5.295670
Optimal function value is: 7.304828; 
Optimal solution is:
m1--m2--m3--m4--m5--m6--mspend--mbid
[8.91134775 5.07713587 2.29516375 3.20484546 8.41832551 8.80246276
 9.9981056  6.87545681]
[[-3.12264879]]
[[-3.12264879]]
[[-3.12264879]]
[[-3.12264879]]
[[-3.12264879]]
[[-3.12264879]]
[[-3.12264879]]
[[-3.12264879]]
[[-3.12264879]]
[[-3.12264879]]
[[-3.12264879]]
[[-3.12264879]]
optimal_weight: [8.91134775 5.07713587 2.29516375 3.20484546 8.41832551 8.80246276
 9.9981056  6.87545681]
0:00:50.863728
0:00:50.863745
campaign_id: 23843950299930337
Generation 0: optimal function value is: -0.989326; average function value is -0.979850
Generation 1: optimal function value is: 93.686331; average function value is 57.452028
Generation 2: optimal function value is: 93.686331; average function value is 61.464247
Optimal function value is: 93.686331; 
Optimal solution is:
m1--m2--m3--m4--m5--m6--mspend--mbid
[7.8882979  9.74861192 3.32328746 8.75729877 9.20995434 7.10879571
 9.72429134 7.97843339]
[[-1.74585795]]
[[-1.74585795]]
[[-1.74585795]]
[[-1.74585795]]
[[-1.74585795]]
[[-1.74585795]]
[[-1.74585795]]
[[-1.74585795]]
optimal_weight: [7.8882979  9.74861192 3.32328746 8.75729877 9.20995434 7.10879571
 9.72429134 7.97843339]
0:00:26.451069
campaign_id: 23843286422270175
Generation 0: optimal function value is: -0.862962; average function value is -0.733530
Generation 1: optimal function value is: 7.297241; average function value is 4.783636
Generation 2: optimal function value is: 7.297241; average function value is 5.187672
Optimal function value is: 7.297241; 
Optimal solution is:
m1--m2--m3--m4--m5--m6--mspend--mbid
[4.40902512 7.12709788 3.19567065 1.85323507 1.9514859  9.93585154
 9.9500303  2.47126532]
[[-7.47876497]]
[[-7.47876497]]
[[-7.47876497]]
[[-7.47876497]]
[[-7.47876497]]
[[-7.47876497]]
[[-7.47876497]]
[[-7.47876497]]
[[-7.47876497]]
[[-7.47876497]]
[[-7.47876497]]
[[-7.47876497]]
optimal_weight: [4.40902512 7.12709788 3.19567065 1.85323507 1.9514859  9.93585154
 9.9500303  2.47126532]
0:00:50.597411
0:00:50.597426
campaign_id: 23843286422270175
Generation 0: optimal function value is: -0.862825; average function value is -0.726854
Generation 1: optimal function value is: 7.289965; average function value is 4.879393
Generation 2: optimal function value is: 7.289965; average function value is 5.325398
Optimal function value is: 7.289965; 
Optimal solution is:
m1--m2--m3--m4--m5--m6--mspend--mbid
[0.28103464 2.92952638 2.69788052 2.85669385 1.46945707 9.18261098
 9.96463214 2.73828229]
[[-7.22634985]]
[[-7.22634985]]
[[-7.22634985]]
[[-7.22634985]]
[[-7.22634985]]
[[-7.22634985]]
[[-7.22634985]]
[[-7.22634985]]
[[-7.22634985]]
[[-7.22634985]]
[[-7.22634985]]
[[-7.22634985]]
optimal_weight: [0.28103464 2.92952638 2.69788052 2.85669385 1.46945707 9.18261098
 9.96463214 2.73828229]
0:00:26.290090
0:00:26.290106
campaign_id: 23843286422270175
Generation 0: optimal function value is: -0.941167; average function value is -0.884315
Generation 1: optimal function value is: 16.997323; average function value is 10.124619
Generation 2: optimal function value is: 16.997323; average function value is 10.793385
Optimal function value is: 16.997323; 
Optimal solution is:
m1--m2--m3--m4--m5--m6--mspend--mbid
[6.66243961 6.17829446 4.42130526 6.06172044 5.95360071 8.32187302
 9.84652233 9.8113758 ]
[[-0.03514653]]
[[-0.03514653]]
[[-0.03514653]]
[[-0.03514653]]
[[-0.03514653]]
[[-0.03514653]]
[[-0.03514653]]
[[-0.03514653]]
[[-0.03514653]]
[[-0.03514653]]
[[-0.03514653]]
[[-0.03514653]]
optimal_weight: [6.66243961 6.17829446 4.42130526 6.06172044 5.95360071 8.32187302
 9.84652233 9.8113758 ]
0:00:27.634950
0:00:27.634965
campaign_id: 23843286422270175
campaign_id: 23843286422270175
campaign_id: 23843286422270175
campaign_id: 23843286422270175
campaign_id: 23843286422270175
campaign_id: 23843286422270175
campaign_id: 23843286422270175
campaign_id: 23843286422270175
campaign_id: 23843286422270175
campaign_id: 23843286422270175
campaign_id: 23843286422270175
campaign_id: 23843286422270175
campaign_id: 23843286422270175
campaign_id: 23843417989430316
campaign_id: 23843417989430316
campaign_id: 23843417989430316
campaign_id: 23843417989430316
campaign_id: 23843417989430316
campaign_id: 23843417989430316
campaign_id: 23843299961870090
campaign_id: 23843439072830316
campaign_id: 23843439072830316
campaign_id: 23843439072830316
campaign_id: 23843439072830316
campaign_id: 23843439072830316
campaign_id: 23843439072830316
campaign_id: 23843439072830316
campaign_id: 23843439072830316
campaign_id: 23843439072830316
campaign_id: 23843306827810240
campaign_id: 23843306827810240
campaign_id: 23843306827810240
campaign_id: 23843306827810240
campaign_id: 23843420208720408
Generation 0: optimal function value is: -0.955435; average function value is -0.903023
Generation 1: optimal function value is: 22.438996; average function value is 12.072765
Generation 2: optimal function value is: 22.438996; average function value is 12.650091
Generation 3: optimal function value is: 22.438996; average function value is 13.468613
Generation 4: optimal function value is: 22.438996; average function value is 13.918959
Generation 5: optimal function value is: 22.438996; average function value is 14.270460
Generation 6: optimal function value is: 22.438996; average function value is 14.562098
Generation 7: optimal function value is: 22.438996; average function value is 14.575756
Generation 8: optimal function value is: 22.438996; average function value is 14.686617
Generation 9: optimal function value is: 22.438996; average function value is 14.807375
Generation 10: optimal function value is: 22.438996; average function value is 14.943288
Generation 11: optimal function value is: 22.438996; average function value is 15.037380
Generation 12: optimal function value is: 22.438996; average function value is 15.207965
Generation 13: optimal function value is: 22.438996; average function value is 15.271398
Generation 14: optimal function value is: 22.438996; average function value is 15.338392
Optimal function value is: 22.438996; 
Optimal solution is:
m1--m2--m3--m4--m5--m6--mspend--mbid
[7.68760686 8.06912862 8.34870077 5.45374112 6.12140161 8.4157983
 0.05214823 9.52471737]
[[9.52471737]]
[[9.52471737]]
[[9.52471737]]
[[9.52471737]]
[[9.52471737]]
optimal_weight: [7.68760686 8.06912862 8.34870077 5.45374112 6.12140161 8.4157983
 0.05214823 9.52471737]
0:04:10.688551
campaign_id: 23843467729120098
Generation 0: optimal function value is: -0.983301; average function value is -0.970946
Generation 1: optimal function value is: 59.884580; average function value is 37.872992
Generation 2: optimal function value is: 59.884580; average function value is 39.799835
Generation 3: optimal function value is: 59.884580; average function value is 40.759721
Generation 4: optimal function value is: 59.884580; average function value is 41.695139
Generation 5: optimal function value is: 59.884580; average function value is 42.282498
Generation 6: optimal function value is: 59.884580; average function value is 42.518434
Generation 7: optimal function value is: 59.884580; average function value is 42.920946
Generation 8: optimal function value is: 59.884580; average function value is 43.213497
Generation 9: optimal function value is: 59.884580; average function value is 43.323789
Generation 10: optimal function value is: 59.884580; average function value is 43.599983
Generation 11: optimal function value is: 59.884580; average function value is 43.761990
Generation 12: optimal function value is: 59.884580; average function value is 44.108270
Generation 13: optimal function value is: 59.884580; average function value is 44.302536
Generation 14: optimal function value is: 59.884580; average function value is 44.458834
Optimal function value is: 59.884580; 
Optimal solution is:
m1--m2--m3--m4--m5--m6--mspend--mbid
[9.73140727 4.31884354 2.01069364 7.1496357  9.46976285 8.67015153
 9.53208072 9.7458144 ]
[[9.7458144]]
[[-943.46225784]]
optimal_weight: [9.73140727 4.31884354 2.01069364 7.1496357  9.46976285 8.67015153
 9.53208072 9.7458144 ]
0:06:28.232897
campaign_id: 23843411521600003
Generation 0: optimal function value is: -0.949421; average function value is -0.899283
Generation 1: optimal function value is: 19.771102; average function value is 11.781095
Generation 2: optimal function value is: 19.771102; average function value is 12.625793
Generation 3: optimal function value is: 19.771102; average function value is 13.127342
Generation 4: optimal function value is: 19.771102; average function value is 13.548319
Generation 5: optimal function value is: 19.771102; average function value is 13.815639
Generation 6: optimal function value is: 19.771102; average function value is 14.070705
Generation 7: optimal function value is: 19.771102; average function value is 14.127328
Generation 8: optimal function value is: 19.771102; average function value is 14.179985
Generation 9: optimal function value is: 19.771102; average function value is 14.244703
Generation 10: optimal function value is: 19.771102; average function value is 14.251755
Generation 11: optimal function value is: 19.771102; average function value is 14.280311
Generation 12: optimal function value is: 19.771102; average function value is 14.342305
Generation 13: optimal function value is: 19.771102; average function value is 14.353740
Generation 14: optimal function value is: 19.771102; average function value is 14.361293
Optimal function value is: 19.771102; 
Optimal solution is:
m1--m2--m3--m4--m5--m6--mspend--mbid
[3.73054701 3.95944976 6.48049706 2.16621579 9.92673531 8.80933996
 9.67695734 7.30620982]
[[7.30620982]]
[[7.30620982]]
[[7.30620982]]
[[7.30620982]]
[[7.30620982]]
[[7.30620982]]
[[7.30620982]]
[[7.30620982]]
[[7.30620982]]
[[7.30620982]]
[[7.30620982]]
[[7.30620982]]
[[7.30620982]]
[[7.30620982]]
[[7.30620982]]
[[7.30620982]]
[[7.30620982]]
[[7.30620982]]
[[7.30620982]]
optimal_weight: [3.73054701 3.95944976 6.48049706 2.16621579 9.92673531 8.80933996
 9.67695734 7.30620982]
0:08:48.974977
campaign_id: 23843428894750431
Generation 0: optimal function value is: -0.967677; average function value is -0.935018
Generation 1: optimal function value is: 30.937624; average function value is 18.279424
Generation 2: optimal function value is: 30.937624; average function value is 19.869380
Generation 3: optimal function value is: 30.937624; average function value is 20.591247
Generation 4: optimal function value is: 30.937624; average function value is 20.907812
Generation 5: optimal function value is: 30.937624; average function value is 21.053892
Generation 6: optimal function value is: 30.937624; average function value is 21.346528
Generation 7: optimal function value is: 30.937624; average function value is 21.528382
Generation 8: optimal function value is: 30.937624; average function value is 21.607962
Generation 9: optimal function value is: 30.937624; average function value is 21.652317
Generation 10: optimal function value is: 30.937624; average function value is 21.646132
Generation 11: optimal function value is: 30.937624; average function value is 21.656450
Generation 12: optimal function value is: 30.937624; average function value is 21.695941
Generation 13: optimal function value is: 30.937624; average function value is 21.675676
Generation 14: optimal function value is: 30.937624; average function value is 21.712970
Optimal function value is: 30.937624; 
Optimal solution is:
m1--m2--m3--m4--m5--m6--mspend--mbid
[0.04901909 1.74291907 1.96327771 5.28878793 9.82190134 0.08032667
 9.917857   3.80374757]
[[-987.98195271]]
[[-987.98195271]]
[[3.80374757]]
optimal_weight: [0.04901909 1.74291907 1.96327771 5.28878793 9.82190134 0.08032667
 9.917857   3.80374757]
0:12:28.867130
0:12:28.885095
campaign_id: 23843420208720408
Generation 0: optimal function value is: -0.951767; average function value is -0.900002
Generation 1: optimal function value is: 20.732777; average function value is 11.545401
Generation 2: optimal function value is: 20.732777; average function value is 12.298763
Generation 3: optimal function value is: 20.732777; average function value is 12.928347
Generation 4: optimal function value is: 20.732777; average function value is 13.285206
Generation 5: optimal function value is: 20.732777; average function value is 13.557744
Generation 6: optimal function value is: 20.732777; average function value is 13.795928
Generation 7: optimal function value is: 20.732777; average function value is 13.900057
Generation 8: optimal function value is: 20.732777; average function value is 14.063953
Generation 9: optimal function value is: 20.732777; average function value is 14.180825
Generation 10: optimal function value is: 20.732777; average function value is 14.273218
Generation 11: optimal function value is: 20.732777; average function value is 14.364569
Generation 12: optimal function value is: 20.732777; average function value is 14.506452
Generation 13: optimal function value is: 20.732777; average function value is 14.536821
Generation 14: optimal function value is: 20.732777; average function value is 14.611511
Optimal function value is: 20.732777; 
Optimal solution is:
m1--m2--m3--m4--m5--m6--mspend--mbid
[9.25797199 6.24212247 9.99128087 5.92536782 6.28311964 7.9326154
 0.71404339 9.26240748]
[[9.26240748]]
[[9.26240748]]
[[9.26240748]]
[[9.26240748]]
[[9.26240748]]
[[9.26240748]]
[[9.26240748]]
[[9.26240748]]
optimal_weight: [9.25797199 6.24212247 9.99128087 5.92536782 6.28311964 7.9326154
 0.71404339 9.26240748]
0:04:10.427788
campaign_id: 23843467729120098
Generation 0: optimal function value is: -0.985742; average function value is -0.974172
Generation 1: optimal function value is: 70.138015; average function value is 43.594050
Generation 2: optimal function value is: 70.138015; average function value is 46.478129
Generation 3: optimal function value is: 70.138015; average function value is 47.831291
Generation 4: optimal function value is: 70.138015; average function value is 48.928344
Generation 5: optimal function value is: 70.138015; average function value is 49.489666
Generation 6: optimal function value is: 70.138015; average function value is 49.772575
Generation 7: optimal function value is: 70.138015; average function value is 50.019414
Generation 8: optimal function value is: 70.138015; average function value is 50.241436
Generation 9: optimal function value is: 70.138015; average function value is 50.554331
Generation 10: optimal function value is: 70.138015; average function value is 50.754161
Generation 11: optimal function value is: 70.138015; average function value is 50.879311
Generation 12: optimal function value is: 70.138015; average function value is 51.140398
Generation 13: optimal function value is: 70.138015; average function value is 51.221818
Generation 14: optimal function value is: 70.138015; average function value is 51.337927
Optimal function value is: 70.138015; 
Optimal solution is:
m1--m2--m3--m4--m5--m6--mspend--mbid
[9.70217683 6.78169868 6.25439264 7.52757259 9.22374695 0.87274931
 9.40098353 9.99754002]
[[9.99754002]]
[[9.99754002]]
[[9.99754002]]
optimal_weight: [9.70217683 6.78169868 6.25439264 7.52757259 9.22374695 0.87274931
 9.40098353 9.99754002]
0:06:26.763356
campaign_id: 23843428894750431
Generation 0: optimal function value is: -0.967197; average function value is -0.936457
Generation 1: optimal function value is: 30.484583; average function value is 18.998912
Generation 2: optimal function value is: 30.484583; average function value is 20.236335
Generation 3: optimal function value is: 30.624738; average function value is 21.016452
Generation 4: optimal function value is: 30.624738; average function value is 21.759106
Generation 5: optimal function value is: 30.624738; average function value is 22.172511
Generation 6: optimal function value is: 30.624738; average function value is 22.481418
Generation 7: optimal function value is: 30.624738; average function value is 22.544418
Generation 8: optimal function value is: 30.624738; average function value is 22.690361
Generation 9: optimal function value is: 30.624738; average function value is 22.726283
Generation 10: optimal function value is: 30.624738; average function value is 22.840745
Generation 11: optimal function value is: 30.624738; average function value is 22.850598
Generation 12: optimal function value is: 30.624738; average function value is 22.872423
Generation 13: optimal function value is: 30.624738; average function value is 22.921283
Generation 14: optimal function value is: 30.624738; average function value is 22.938111
Optimal function value is: 30.624738; 
Optimal solution is:
m1--m2--m3--m4--m5--m6--mspend--mbid
[5.61232084 3.4733805  7.24228541 5.6467514  9.99465456 9.78522986
 9.66421269 5.26655618]
[[5.26655618]]
[[5.26655618]]
[[5.26655618]]
optimal_weight: [5.61232084 3.4733805  7.24228541 5.6467514  9.99465456 9.78522986
 9.66421269 5.26655618]
0:08:42.005469
0:08:42.023859
campaign_id: 23843420208720408
Generation 0: optimal function value is: -0.951919; average function value is -0.900793
Generation 1: optimal function value is: 20.798349; average function value is 11.714749
Generation 2: optimal function value is: 20.798349; average function value is 12.330368
Generation 3: optimal function value is: 20.798349; average function value is 12.769332
Generation 4: optimal function value is: 20.798349; average function value is 13.056405
Generation 5: optimal function value is: 20.798349; average function value is 13.264573
Generation 6: optimal function value is: 20.798349; average function value is 13.407183
Generation 7: optimal function value is: 20.798349; average function value is 13.527737
Generation 8: optimal function value is: 20.798349; average function value is 13.623245
Generation 9: optimal function value is: 20.798349; average function value is 13.677857
Generation 10: optimal function value is: 20.798349; average function value is 13.782437
Generation 11: optimal function value is: 20.798349; average function value is 13.858743
Generation 12: optimal function value is: 20.798349; average function value is 13.972151
Generation 13: optimal function value is: 20.798349; average function value is 14.030854
Generation 14: optimal function value is: 20.798349; average function value is 14.134600
Optimal function value is: 20.798349; 
Optimal solution is:
m1--m2--m3--m4--m5--m6--mspend--mbid
[9.10863973 6.80438479 8.28622642 8.20979041 8.74157409 4.98867855
 0.26427728 9.76002167]
[[9.76002167]]
[[9.76002167]]
[[9.76002167]]
[[9.76002167]]
[[9.76002167]]
[[9.76002167]]
[[9.76002167]]
[[9.76002167]]
[[9.76002167]]
[[9.76002167]]
[[9.76002167]]
[[9.76002167]]
optimal_weight: [9.10863973 6.80438479 8.28622642 8.20979041 8.74157409 4.98867855
 0.26427728 9.76002167]
0:04:24.744563
campaign_id: 23843467729120098
Generation 0: optimal function value is: -0.988112; average function value is -0.977204
Generation 1: optimal function value is: 84.118400; average function value is 49.249198
Generation 2: optimal function value is: 84.118400; average function value is 52.308724
Generation 3: optimal function value is: 84.118400; average function value is 53.769056
Generation 4: optimal function value is: 84.118400; average function value is 55.103918
Generation 5: optimal function value is: 84.118400; average function value is 55.494763
Generation 6: optimal function value is: 84.118400; average function value is 56.091046
Generation 7: optimal function value is: 84.118400; average function value is 56.612899
Generation 8: optimal function value is: 84.118400; average function value is 56.830348
Generation 9: optimal function value is: 84.118400; average function value is 57.147823
Generation 10: optimal function value is: 84.118400; average function value is 57.401041
Generation 11: optimal function value is: 84.118400; average function value is 57.597476
Generation 12: optimal function value is: 84.118400; average function value is 57.685782
Generation 13: optimal function value is: 84.118400; average function value is 57.786271
Generation 14: optimal function value is: 84.118400; average function value is 57.923557
Optimal function value is: 84.118400; 
Optimal solution is:
m1--m2--m3--m4--m5--m6--mspend--mbid
[9.85039912 6.74020763 8.53554106 9.95060408 9.13155956 4.37129793
 9.84322322 7.83808276]
[[7.83808276]]
[[7.83808276]]
[[7.83808276]]
optimal_weight: [9.85039912 6.74020763 8.53554106 9.95060408 9.13155956 4.37129793
 9.84322322 7.83808276]
0:06:51.627770
campaign_id: 23843428894750431
Generation 0: optimal function value is: -0.967796; average function value is -0.935835
Generation 1: optimal function value is: 31.052011; average function value is 18.610808
Generation 2: optimal function value is: 31.052011; average function value is 20.073757
Generation 3: optimal function value is: 31.052011; average function value is 20.648574
Generation 4: optimal function value is: 31.052011; average function value is 21.175254
Generation 5: optimal function value is: 31.052011; average function value is 21.391502
Generation 6: optimal function value is: 31.052011; average function value is 21.578397
Generation 7: optimal function value is: 31.052011; average function value is 21.787901
Generation 8: optimal function value is: 31.052011; average function value is 21.913472
Generation 9: optimal function value is: 31.052011; average function value is 22.019758
Generation 10: optimal function value is: 31.052011; average function value is 22.115035
Generation 11: optimal function value is: 31.052011; average function value is 22.149747
Generation 12: optimal function value is: 31.052011; average function value is 22.143304
Generation 13: optimal function value is: 31.052011; average function value is 22.179996
Generation 14: optimal function value is: 31.052011; average function value is 22.143782
Optimal function value is: 31.052011; 
Optimal solution is:
m1--m2--m3--m4--m5--m6--mspend--mbid
[6.11799695 8.10695073 6.1077589  4.7239648  9.91915645 7.16637887
 9.89817004 5.60657914]
[[5.60657914]]
[[5.60657914]]
[[5.60657914]]
[[5.60657914]]
optimal_weight: [6.11799695 8.10695073 6.1077589  4.7239648  9.91915645 7.16637887
 9.89817004 5.60657914]
0:09:17.043800
campaign_id: 23843420208720408
Generation 0: optimal function value is: -0.948787; average function value is -0.905079
Generation 1: optimal function value is: 19.526448; average function value is 11.774998
Generation 2: optimal function value is: 19.526448; average function value is 12.444601
Generation 3: optimal function value is: 19.526448; average function value is 12.672592
Generation 4: optimal function value is: 19.526448; average function value is 12.942129
Generation 5: optimal function value is: 19.526448; average function value is 13.240956
Generation 6: optimal function value is: 19.526448; average function value is 13.456467
Generation 7: optimal function value is: 19.526448; average function value is 13.674420
Generation 8: optimal function value is: 19.526448; average function value is 13.797350
Generation 9: optimal function value is: 19.526448; average function value is 13.943311
Generation 10: optimal function value is: 19.526448; average function value is 14.042403
Generation 11: optimal function value is: 19.526448; average function value is 14.117918
Generation 12: optimal function value is: 19.526448; average function value is 14.223284
Generation 13: optimal function value is: 19.526448; average function value is 14.301177
Generation 14: optimal function value is: 19.526448; average function value is 14.355754
Optimal function value is: 19.526448; 
Optimal solution is:
m1--m2--m3--m4--m5--m6--mspend--mbid
[7.1754897  9.91123955 8.98954395 6.38234564 8.21622784 7.94655446
 0.77467567 7.63744385]
[[-787.01800206]]
[[7.63744385]]
[[7.63744385]]
[[7.63744385]]
[[7.63744385]]
[[7.63744385]]
[[7.63744385]]
[[7.63744385]]
[[7.63744385]]
[[7.63744385]]
[[7.63744385]]
[[7.63744385]]
[[7.63744385]]
optimal_weight: [7.1754897  9.91123955 8.98954395 6.38234564 8.21622784 7.94655446
 0.77467567 7.63744385]
0:05:38.875677
campaign_id: 23843467729120098
Generation 0: optimal function value is: -0.988832; average function value is -0.979893
Generation 1: optimal function value is: 89.540701; average function value is 57.488939
Generation 2: optimal function value is: 89.540701; average function value is 62.049824
Generation 3: optimal function value is: 89.540701; average function value is 64.237657
Generation 4: optimal function value is: 89.540701; average function value is 65.539084
Generation 5: optimal function value is: 89.540701; average function value is 67.104467
Generation 6: optimal function value is: 89.540701; average function value is 67.818704
Generation 7: optimal function value is: 89.540701; average function value is 68.085574
Generation 8: optimal function value is: 89.540701; average function value is 68.152140
Generation 9: optimal function value is: 89.540701; average function value is 68.153296
Generation 10: optimal function value is: 89.540701; average function value is 68.289796
Generation 11: optimal function value is: 89.540701; average function value is 68.441806
Generation 12: optimal function value is: 89.540701; average function value is 68.395235
Generation 13: optimal function value is: 89.540701; average function value is 68.594402
Generation 14: optimal function value is: 89.540701; average function value is 68.796123
Optimal function value is: 89.540701; 
Optimal solution is:
m1--m2--m3--m4--m5--m6--mspend--mbid
[8.92990285 5.65456924 2.73517402 5.90937424 9.06396932 7.85538325
 9.98068387 5.91659616]
[[5.91659616]]
[[5.91659616]]
[[-992.15179036]]
optimal_weight: [8.92990285 5.65456924 2.73517402 5.90937424 9.06396932 7.85538325
 9.98068387 5.91659616]
0:10:32.798391
campaign_id: 23843428894750431
Generation 0: optimal function value is: -0.967710; average function value is -0.936448
Generation 1: optimal function value is: 30.968993; average function value is 18.881805
Generation 2: optimal function value is: 30.968993; average function value is 20.424950
Generation 3: optimal function value is: 30.968993; average function value is 21.075480
Generation 4: optimal function value is: 30.968993; average function value is 21.670037
Generation 5: optimal function value is: 30.968993; average function value is 22.084147
Generation 6: optimal function value is: 30.968993; average function value is 22.349671
Generation 7: optimal function value is: 30.968993; average function value is 22.436288
Generation 8: optimal function value is: 30.968993; average function value is 22.491778
Generation 9: optimal function value is: 30.968993; average function value is 22.543573
Generation 10: optimal function value is: 30.968993; average function value is 22.580930
Generation 11: optimal function value is: 30.968993; average function value is 22.616000
Generation 12: optimal function value is: 30.968993; average function value is 22.645248
Generation 13: optimal function value is: 30.968993; average function value is 22.646078
Generation 14: optimal function value is: 30.968993; average function value is 22.643745
Optimal function value is: 30.968993; 
Optimal solution is:
m1--m2--m3--m4--m5--m6--mspend--mbid
[2.61997279 8.69235417 0.7507578  0.32512357 9.68203675 2.45199642
 9.97777094 6.65753126]
[[-991.01739624]]
[[6.65753126]]
[[6.65753126]]
[[6.65753126]]
optimal_weight: [2.61997279 8.69235417 0.7507578  0.32512357 9.68203675 2.45199642
 9.97777094 6.65753126]
0:16:23.722719
campaign_id: 23843420208720408
Generation 0: optimal function value is: -0.949165; average function value is -0.904889
Generation 1: optimal function value is: 19.671418; average function value is 11.709229
Generation 2: optimal function value is: 19.671418; average function value is 12.289911
Generation 3: optimal function value is: 19.671418; average function value is 12.609296
Generation 4: optimal function value is: 19.671418; average function value is 12.826527
Generation 5: optimal function value is: 19.671418; average function value is 13.005161
Generation 6: optimal function value is: 19.671418; average function value is 13.144424
Generation 7: optimal function value is: 19.671418; average function value is 13.292203
Generation 8: optimal function value is: 19.671418; average function value is 13.379692
Generation 9: optimal function value is: 19.671418; average function value is 13.454310
Generation 10: optimal function value is: 19.671418; average function value is 13.510807
Generation 11: optimal function value is: 19.671418; average function value is 13.547271
Generation 12: optimal function value is: 19.671418; average function value is 13.596105
Generation 13: optimal function value is: 19.671418; average function value is 13.661140
Generation 14: optimal function value is: 19.671418; average function value is 13.733568
Optimal function value is: 19.671418; 
Optimal solution is:
m1--m2--m3--m4--m5--m6--mspend--mbid
[5.37047245 9.88527821 8.91365629 7.81892301 9.71295291 7.63795761
 6.44921815 9.63339979]
[[9.63339979]]
[[9.63339979]]
[[9.63339979]]
[[9.63339979]]
[[9.63339979]]
[[9.63339979]]
[[9.63339979]]
[[9.63339979]]
[[9.63339979]]
[[9.63339979]]
[[9.63339979]]
[[9.63339979]]
[[9.63339979]]
[[9.63339979]]
[[9.63339979]]
[[9.63339979]]
[[9.63339979]]
[[9.63339979]]
[[9.63339979]]
[[9.63339979]]
optimal_weight: [5.37047245 9.88527821 8.91365629 7.81892301 9.71295291 7.63795761
 6.44921815 9.63339979]
0:08:16.263741
campaign_id: 23843467729120098
Generation 0: optimal function value is: -0.993680; average function value is -0.987820
Generation 1: optimal function value is: 158.239273; average function value is 100.831009
Generation 2: optimal function value is: 158.239273; average function value is 109.743505
Generation 3: optimal function value is: 158.239273; average function value is 113.362263
Generation 4: optimal function value is: 158.239273; average function value is 115.587937
Generation 5: optimal function value is: 158.239273; average function value is 116.807274
Generation 6: optimal function value is: 158.239273; average function value is 117.351153
Generation 7: optimal function value is: 158.239273; average function value is 117.978813
Generation 8: optimal function value is: 158.239273; average function value is 118.956677
Generation 9: optimal function value is: 158.239273; average function value is 119.242725
Generation 10: optimal function value is: 158.239273; average function value is 119.303829
Generation 11: optimal function value is: 158.239273; average function value is 119.285598
Generation 12: optimal function value is: 158.239273; average function value is 119.343808
Generation 13: optimal function value is: 158.239273; average function value is 119.528508
Generation 14: optimal function value is: 158.239273; average function value is 119.776312
Optimal function value is: 158.239273; 
Optimal solution is:
m1--m2--m3--m4--m5--m6--mspend--mbid
[9.8224175  6.01017616 7.25305216 9.22689227 8.37890989 6.71715093
 9.75608663 5.20563933]
[[5.20563933]]
[[5.20563933]]
[[-970.40302327]]
[[-970.40302327]]
optimal_weight: [9.8224175  6.01017616 7.25305216 9.22689227 8.37890989 6.71715093
 9.75608663 5.20563933]
0:15:37.531579
campaign_id: 23843420208720408
Generation 0: optimal function value is: -0.949808; average function value is -0.911025
Generation 1: optimal function value is: 20.102805; average function value is 12.090445
Generation 2: optimal function value is: 20.102805; average function value is 12.671231
Generation 3: optimal function value is: 20.102805; average function value is 13.021864
Generation 4: optimal function value is: 20.102805; average function value is 13.301432
Generation 5: optimal function value is: 20.102805; average function value is 13.526317
Generation 6: optimal function value is: 20.102805; average function value is 13.667502
Generation 7: optimal function value is: 20.102805; average function value is 13.748123
Generation 8: optimal function value is: 20.102805; average function value is 13.770987
Generation 9: optimal function value is: 20.102805; average function value is 13.936753
Generation 10: optimal function value is: 20.102805; average function value is 13.960683
Generation 11: optimal function value is: 20.102805; average function value is 14.047686
Generation 12: optimal function value is: 20.102805; average function value is 14.150013
Generation 13: optimal function value is: 20.102805; average function value is 14.242076
Generation 14: optimal function value is: 20.102805; average function value is 14.317693
Optimal function value is: 20.102805; 
Optimal solution is:
m1--m2--m3--m4--m5--m6--mspend--mbid
[9.05879602 9.4906029  7.576349   4.80562202 7.93137782 8.63702744
 8.91353012 9.6057678 ]
[[9.6057678]]
[[9.6057678]]
[[9.6057678]]
[[9.6057678]]
[[9.6057678]]
[[9.6057678]]
[[9.6057678]]
[[9.6057678]]
[[9.6057678]]
[[9.6057678]]
[[9.6057678]]
[[9.6057678]]
[[9.6057678]]
[[9.6057678]]
[[9.6057678]]
[[9.6057678]]
[[9.6057678]]
[[9.6057678]]
[[9.6057678]]
[[9.6057678]]
optimal_weight: [9.05879602 9.4906029  7.576349   4.80562202 7.93137782 8.63702744
 8.91353012 9.6057678 ]
0:08:41.977542
campaign_id: 23843467729120098
Generation 0: optimal function value is: -0.993770; average function value is -0.988192
Generation 1: optimal function value is: 160.514985; average function value is 105.987282
Generation 2: optimal function value is: 160.514985; average function value is 114.008064
Generation 3: optimal function value is: 160.514985; average function value is 118.043666
Generation 4: optimal function value is: 160.514985; average function value is 120.355980
Generation 5: optimal function value is: 160.514985; average function value is 121.843166
Generation 6: optimal function value is: 160.514985; average function value is 122.615667
Generation 7: optimal function value is: 160.514985; average function value is 123.239336
Generation 8: optimal function value is: 160.514985; average function value is 123.551169
Generation 9: optimal function value is: 160.514985; average function value is 123.690720
Generation 10: optimal function value is: 160.514985; average function value is 124.052588
Generation 11: optimal function value is: 160.514985; average function value is 123.994652
Generation 12: optimal function value is: 160.514985; average function value is 124.087405
Generation 13: optimal function value is: 160.514985; average function value is 124.502886
Generation 14: optimal function value is: 160.514985; average function value is 124.768676
Optimal function value is: 160.514985; 
Optimal solution is:
m1--m2--m3--m4--m5--m6--mspend--mbid
[6.28605086 5.21040911 4.87521314 5.53510137 9.06315248 7.37092208
 9.99767942 1.13334621]
[[1.13334621]]
[[1.13334621]]
[[1.13334621]]
[[1.13334621]]
optimal_weight: [6.28605086 5.21040911 4.87521314 5.53510137 9.06315248 7.37092208
 9.99767942 1.13334621]
0:15:24.642393
campaign_id: 23843420208720408
Generation 0: optimal function value is: -0.950800; average function value is -0.917011
Generation 1: optimal function value is: 20.472995; average function value is 12.916411
Generation 2: optimal function value is: 20.472995; average function value is 13.290193
Generation 3: optimal function value is: 20.472995; average function value is 13.682478
Generation 4: optimal function value is: 20.472995; average function value is 13.874301
Generation 5: optimal function value is: 20.472995; average function value is 14.082969
Generation 6: optimal function value is: 20.472995; average function value is 14.165572
Generation 7: optimal function value is: 20.472995; average function value is 14.282719
Generation 8: optimal function value is: 20.472995; average function value is 14.455992
Generation 9: optimal function value is: 20.472995; average function value is 14.557825
Generation 10: optimal function value is: 20.472995; average function value is 14.669153
Generation 11: optimal function value is: 20.472995; average function value is 14.734005
Generation 12: optimal function value is: 20.472995; average function value is 14.796687
Generation 13: optimal function value is: 20.472995; average function value is 14.790915
Generation 14: optimal function value is: 20.472995; average function value is 14.895200
Optimal function value is: 20.472995; 
Optimal solution is:
m1--m2--m3--m4--m5--m6--mspend--mbid
[6.41008578 8.03342254 8.29115339 9.75239382 9.15414247 5.28141559
 8.90137132 9.4512829 ]
[[9.4512829]]
[[9.4512829]]
[[9.4512829]]
[[9.4512829]]
[[9.4512829]]
[[9.4512829]]
[[9.4512829]]
[[9.4512829]]
[[9.4512829]]
[[9.4512829]]
[[9.4512829]]
[[9.4512829]]
[[9.4512829]]
[[9.4512829]]
[[9.4512829]]
[[9.4512829]]
[[9.4512829]]
[[9.4512829]]
[[9.4512829]]
[[9.4512829]]
optimal_weight: [6.41008578 8.03342254 8.29115339 9.75239382 9.15414247 5.28141559
 8.90137132 9.4512829 ]
0:08:06.608920
campaign_id: 23843467729120098
Generation 0: optimal function value is: -0.993883; average function value is -0.988321
Generation 1: optimal function value is: 163.491620; average function value is 105.171660
Generation 2: optimal function value is: 163.491620; average function value is 112.837901
Generation 3: optimal function value is: 163.491620; average function value is 117.057840
Generation 4: optimal function value is: 163.491620; average function value is 119.658692
Generation 5: optimal function value is: 163.491620; average function value is 120.964039
Generation 6: optimal function value is: 163.491620; average function value is 121.321605
Generation 7: optimal function value is: 163.491620; average function value is 121.871433
Generation 8: optimal function value is: 163.491620; average function value is 122.415213
Generation 9: optimal function value is: 163.491620; average function value is 122.867863
Generation 10: optimal function value is: 163.491620; average function value is 122.938637
Generation 11: optimal function value is: 163.491620; average function value is 123.001529
Generation 12: optimal function value is: 163.491620; average function value is 122.929647
Generation 13: optimal function value is: 163.491620; average function value is 122.866639
Generation 14: optimal function value is: 163.491620; average function value is 123.001438
Optimal function value is: 163.491620; 
Optimal solution is:
m1--m2--m3--m4--m5--m6--mspend--mbid
[9.42834358 8.62505682 6.29900728 7.33185512 9.19261478 1.83178965
 9.77527042 0.76812606]
[[0.76812606]]
[[0.76812606]]
[[0.76812606]]
[[0.76812606]]
optimal_weight: [9.42834358 8.62505682 6.29900728 7.33185512 9.19261478 1.83178965
 9.77527042 0.76812606]
0:15:09.111580
campaign_id: 23843420208720408
Generation 0: optimal function value is: -0.956042; average function value is -0.921391
Generation 1: optimal function value is: 22.924433; average function value is 13.503792
Generation 2: optimal function value is: 22.924433; average function value is 14.192375
Generation 3: optimal function value is: 22.924433; average function value is 14.464910
Generation 4: optimal function value is: 22.924433; average function value is 14.672482
Generation 5: optimal function value is: 22.924433; average function value is 14.827107
Generation 6: optimal function value is: 22.924433; average function value is 15.006303
Generation 7: optimal function value is: 22.924433; average function value is 15.109154
Generation 8: optimal function value is: 22.924433; average function value is 15.200744
Generation 9: optimal function value is: 22.924433; average function value is 15.254281
Generation 10: optimal function value is: 22.924433; average function value is 15.347017
Generation 11: optimal function value is: 22.924433; average function value is 15.506745
Generation 12: optimal function value is: 22.924433; average function value is 15.561406
Generation 13: optimal function value is: 22.924433; average function value is 15.662228
Generation 14: optimal function value is: 22.924433; average function value is 15.710221
Optimal function value is: 22.924433; 
Optimal solution is:
m1--m2--m3--m4--m5--m6--mspend--mbid
[8.86227722 9.31814498 8.91521277 7.13712373 9.51327446 7.59802758
 9.88998452 8.61437074]
[[8.61437074]]
[[16.21239833]]
[[8.61437074]]
[[8.61437074]]
[[8.61437074]]
[[8.61437074]]
[[8.61437074]]
[[8.61437074]]
[[8.61437074]]
[[8.61437074]]
[[8.61437074]]
[[8.61437074]]
[[8.61437074]]
[[8.61437074]]
[[8.61437074]]
[[8.61437074]]
[[8.61437074]]
[[8.61437074]]
[[8.61437074]]
[[8.61437074]]
[[8.61437074]]
[[8.61437074]]
[[8.61437074]]
[[8.61437074]]
[[8.61437074]]
[[8.61437074]]
[[8.61437074]]
[[8.61437074]]
[[8.61437074]]
[[8.61437074]]
optimal_weight: [8.86227722 9.31814498 8.91521277 7.13712373 9.51327446 7.59802758
 9.88998452 8.61437074]
0:14:19.661854
campaign_id: 23843467729120098
Generation 0: optimal function value is: -0.991626; average function value is -0.984682
Generation 1: optimal function value is: 119.842110; average function value is 75.993237
Generation 2: optimal function value is: 119.842110; average function value is 80.397549
Generation 3: optimal function value is: 119.842110; average function value is 83.987322
Generation 4: optimal function value is: 119.842110; average function value is 84.833765
Generation 5: optimal function value is: 119.842110; average function value is 85.594584
Generation 6: optimal function value is: 119.842110; average function value is 86.642206
Generation 7: optimal function value is: 119.842110; average function value is 86.850134
Generation 8: optimal function value is: 119.842110; average function value is 87.188925
Generation 9: optimal function value is: 119.842110; average function value is 87.371010
Generation 10: optimal function value is: 119.842110; average function value is 87.455937
Generation 11: optimal function value is: 119.842110; average function value is 87.733603
Generation 12: optimal function value is: 119.842110; average function value is 87.765436
Generation 13: optimal function value is: 119.842110; average function value is 87.852310
Generation 14: optimal function value is: 119.842110; average function value is 87.895432
Optimal function value is: 119.842110; 
Optimal solution is:
m1--m2--m3--m4--m5--m6--mspend--mbid
[7.4019264  8.58704684 6.48444695 6.73109326 6.9362742  6.3336384
 9.99100869 7.80307738]
[[7.80307738]]
[[-977.48967663]]
[[7.80307738]]
[[-983.24535289]]
[[-984.35601469]]
[[7.80307738]]
optimal_weight: [7.4019264  8.58704684 6.48444695 6.73109326 6.9362742  6.3336384
 9.99100869 7.80307738]
0:23:42.054431
campaign_id: 23843420208720408
Generation 0: optimal function value is: -0.956464; average function value is -0.925525
Generation 1: optimal function value is: 22.969755; average function value is 14.233090
Generation 2: optimal function value is: 22.969755; average function value is 14.728968
Generation 3: optimal function value is: 22.969755; average function value is 15.105744
Generation 4: optimal function value is: 22.969755; average function value is 15.249281
Generation 5: optimal function value is: 22.969755; average function value is 15.405063
Generation 6: optimal function value is: 22.969755; average function value is 15.543353
Generation 7: optimal function value is: 22.969755; average function value is 15.663897
Generation 8: optimal function value is: 22.969755; average function value is 15.686285
Generation 9: optimal function value is: 22.969755; average function value is 15.802026
Generation 10: optimal function value is: 22.969755; average function value is 15.842933
Generation 11: optimal function value is: 22.969755; average function value is 15.902968
Generation 12: optimal function value is: 22.969755; average function value is 16.017518
Generation 13: optimal function value is: 22.969755; average function value is 16.038907
Generation 14: optimal function value is: 22.969755; average function value is 16.048553
Optimal function value is: 22.969755; 
Optimal solution is:
m1--m2--m3--m4--m5--m6--mspend--mbid
[7.2506087  7.97294661 9.39864622 9.38248535 8.80306402 9.35650288
 8.20185781 8.73203966]
[[9.15733525]]
[[-809.32941962]]
[[8.73203966]]
[[8.73203966]]
[[8.73203966]]
[[8.73203966]]
[[8.73203966]]
[[8.73203966]]
[[8.73203966]]
[[8.73203966]]
[[8.73203966]]
[[8.73203966]]
[[8.73203966]]
[[8.73203966]]
[[8.73203966]]
[[8.73203966]]
[[8.73203966]]
[[8.73203966]]
[[8.73203966]]
[[8.73203966]]
[[8.73203966]]
[[8.73203966]]
[[8.73203966]]
[[8.73203966]]
[[8.73203966]]
[[8.73203966]]
[[8.73203966]]
[[8.73203966]]
[[8.73203966]]
[[8.73203966]]
[[8.73203966]]
[[8.73203966]]
[[8.73203966]]
[[8.73203966]]
[[8.73203966]]
[[8.73203966]]
[[8.73203966]]
[[8.73203966]]
[[8.73203966]]
[[8.73203966]]
[[8.73203966]]
[[8.73203966]]
[[8.73203966]]
[[8.73203966]]
[[8.73203966]]
optimal_weight: [7.2506087  7.97294661 9.39864622 9.38248535 8.80306402 9.35650288
 8.20185781 8.73203966]
0:48:13.518884
campaign_id: 23843467729120098
Generation 0: optimal function value is: -0.992412; average function value is -0.985992
Generation 1: optimal function value is: 131.789961; average function value is 83.655593
Generation 2: optimal function value is: 131.789961; average function value is 89.862861
Generation 3: optimal function value is: 131.789961; average function value is 93.696245
Generation 4: optimal function value is: 131.789961; average function value is 95.763045
Generation 5: optimal function value is: 131.789961; average function value is 97.424642
Generation 6: optimal function value is: 131.789961; average function value is 97.621594
Generation 7: optimal function value is: 131.789961; average function value is 98.383455
Generation 8: optimal function value is: 131.789961; average function value is 98.787024
Generation 9: optimal function value is: 131.789961; average function value is 99.162615
Generation 10: optimal function value is: 131.789961; average function value is 99.728358
Generation 11: optimal function value is: 131.789961; average function value is 99.875416
Generation 12: optimal function value is: 131.789961; average function value is 99.917682
Generation 13: optimal function value is: 131.789961; average function value is 100.088401
Generation 14: optimal function value is: 131.789961; average function value is 100.372430
Optimal function value is: 131.789961; 
Optimal solution is:
m1--m2--m3--m4--m5--m6--mspend--mbid
[6.44407232 5.83545963 7.37006239 7.95981174 9.84949277 8.22035932
 9.78336596 8.18338394]
campaign_id: 23843420208720408
Generation 0: optimal function value is: -0.992416; average function value is -0.985664
Generation 1: optimal function value is: 131.856003; average function value is 86.040906
Generation 2: optimal function value is: 131.856003; average function value is 93.328138
Generation 3: optimal function value is: 131.856003; average function value is 97.117359
Generation 4: optimal function value is: 131.856003; average function value is 98.545693
Generation 5: optimal function value is: 131.856003; average function value is 99.738964
Generation 6: optimal function value is: 131.856003; average function value is 100.201736
Generation 7: optimal function value is: 131.856003; average function value is 100.857863
Generation 8: optimal function value is: 131.856003; average function value is 101.087619
Generation 9: optimal function value is: 131.856003; average function value is 101.010212
Generation 10: optimal function value is: 131.856003; average function value is 100.678066
Generation 11: optimal function value is: 131.856003; average function value is 101.029501
Generation 12: optimal function value is: 131.856003; average function value is 101.243996
Generation 13: optimal function value is: 131.856003; average function value is 101.468615
Generation 14: optimal function value is: 131.856003; average function value is 101.525413
Optimal function value is: 131.856003; 
Optimal solution is:
m1--m2--m3--m4--m5--m6--mspend--mbid
[8.290227   6.2836286  8.04251951 0.24630771 4.25906433 2.8053841
 9.9840625  8.48206389]
[[8.48206389]]
[[8.48206389]]
[[8.48206389]]
[[8.48206389]]
[[8.48206389]]
[[8.48206389]]
[[8.48206389]]
[[8.48206389]]
[[8.48206389]]
[[8.48206389]]
[[8.48206389]]
[[8.48206389]]
[[8.48206389]]
[[8.48206389]]
[[8.48206389]]
[[8.48206389]]
[[8.48206389]]
[[8.48206389]]
[[8.48206389]]
[[8.48206389]]
[[8.48206389]]
[[8.48206389]]
[[8.48206389]]
[[8.48206389]]
[[8.48206389]]
[[8.48206389]]
[[8.48206389]]
[[8.48206389]]
[[8.48206389]]
[[8.48206389]]
[[8.48206389]]
[[8.48206389]]
[[8.48206389]]
[[8.48206389]]
[[8.48206389]]
[[8.48206389]]
[[8.48206389]]
[[8.48206389]]
[[8.48206389]]
[[8.48206389]]
[[8.48206389]]
[[8.48206389]]
[[8.48206389]]
[[8.48206389]]
[[8.48206389]]
[[8.48206389]]
[[8.48206389]]
[[8.48206389]]
[[8.48206389]]
[[8.48206389]]
[[8.48206389]]
[[8.48206389]]
[[8.48206389]]
[[8.48206389]]
[[8.48206389]]
[[8.48206389]]
[[8.48206389]]
[[8.48206389]]
[[8.48206389]]
[[8.48206389]]
[[8.48206389]]
[[8.48206389]]
[[8.48206389]]
[[8.48206389]]
[[8.48206389]]
[[8.48206389]]
[[8.48206389]]
[[8.48206389]]
optimal_weight: [8.290227   6.2836286  8.04251951 0.24630771 4.25906433 2.8053841
 9.9840625  8.48206389]
0:08:15.038764
campaign_id: 23843467729120098
Generation 0: optimal function value is: -0.993134; average function value is -0.986955
Generation 1: optimal function value is: 145.653123; average function value is 91.685683
Generation 2: optimal function value is: 145.653123; average function value is 97.169935
Generation 3: optimal function value is: 145.653123; average function value is 100.685899
Generation 4: optimal function value is: 145.653123; average function value is 102.434826
Generation 5: optimal function value is: 145.653123; average function value is 103.496423
Generation 6: optimal function value is: 145.653123; average function value is 104.470397
Generation 7: optimal function value is: 145.653123; average function value is 105.228850
Generation 8: optimal function value is: 145.653123; average function value is 105.530022
Generation 9: optimal function value is: 145.653123; average function value is 106.115532
Generation 10: optimal function value is: 145.653123; average function value is 106.605775
Generation 11: optimal function value is: 145.653123; average function value is 106.589175
Generation 12: optimal function value is: 145.653123; average function value is 106.820970
Generation 13: optimal function value is: 145.653123; average function value is 107.143992
Generation 14: optimal function value is: 145.653123; average function value is 107.061327
Optimal function value is: 145.653123; 
Optimal solution is:
m1--m2--m3--m4--m5--m6--mspend--mbid
[9.60457689 5.91719007 6.08282377 9.96241884 8.35526895 4.69154764
 9.89120452 6.00063018]
[[6.00063018]]
[[6.00063018]]
[[6.00063018]]
[[-983.11982171]]
[[-983.11982171]]
[[-1979.21509505]]
[[15.13782373]]
[[6.00063018]]
[[-983.11040093]]
[[6.00063018]]
[[6.00063018]]
[[6.00063018]]
[[6.00063018]]
[[6.00063018]]
optimal_weight: [9.60457689 5.91719007 6.08282377 9.96241884 8.35526895 4.69154764
 9.89120452 6.00063018]
0:41:10.202012
